Log file open, 10/20/19 23:17:42
LogWindows: Failed to load 'aqProf.dll' (GetLastError=126)
LogWindows: File 'aqProf.dll' does not exist
LogWindows: Failed to load 'VtuneApi.dll' (GetLastError=126)
LogWindows: File 'VtuneApi.dll' does not exist
LogWindows: Failed to load 'VtuneApi32e.dll' (GetLastError=126)
LogWindows: File 'VtuneApi32e.dll' does not exist
LogConsoleResponse: Display: Failed to find resolution value strings in scalability ini. Falling back to default.
LogInit: Display: Running engine for game: GameJam3
LogPlatformFile: Not using cached read wrapper
LogTaskGraph: Started task graph with 5 named threads and 23 total threads with 3 sets of task threads.
LogStats: Stats thread started at 0.093252
LogD3D11RHI: Loaded GFSDK_Aftermath_Lib.x64.dll
LogICUInternationalization: ICU TimeZone Detection - Raw Offset: -5:00, Platform Override: ''
LogPluginManager: Mounting plugin Paper2D
LogPluginManager: Mounting plugin AISupport
LogPluginManager: Mounting plugin LightPropagationVolume
LogPluginManager: Mounting plugin ActorLayerUtilities
LogPluginManager: Mounting plugin AnimationSharing
LogPluginManager: Mounting plugin CLionSourceCodeAccess
LogPluginManager: Mounting plugin CodeLiteSourceCodeAccess
LogPluginManager: Mounting plugin GitSourceControl
LogPluginManager: Mounting plugin KDevelopSourceCodeAccess
LogPluginManager: Mounting plugin NullSourceCodeAccess
LogPluginManager: Mounting plugin PerforceSourceControl
LogPluginManager: Mounting plugin SubversionSourceControl
LogPluginManager: Mounting plugin UObjectPlugin
LogPluginManager: Mounting plugin VisualStudioCodeSourceCodeAccess
LogPluginManager: Mounting plugin VisualStudioSourceCodeAccess
LogPluginManager: Mounting plugin XCodeSourceCodeAccess
LogPluginManager: Mounting plugin AssetManagerEditor
LogPluginManager: Mounting plugin CryptoKeys
LogPluginManager: Mounting plugin CurveEditorTools
LogPluginManager: Mounting plugin DataValidation
LogPluginManager: Mounting plugin FacialAnimation
LogPluginManager: Mounting plugin GameplayTagsEditor
LogPluginManager: Mounting plugin MacGraphicsSwitching
LogPluginManager: Mounting plugin MaterialAnalyzer
LogPluginManager: Mounting plugin MobileLauncherProfileWizard
LogPluginManager: Mounting plugin PluginBrowser
LogPluginManager: Mounting plugin SpeedTreeImporter
LogPluginManager: Mounting plugin DatasmithContent
LogPluginManager: Mounting plugin VariantManagerContent
LogPluginManager: Mounting plugin AlembicImporter
LogPluginManager: Mounting plugin AutomationUtils
LogPluginManager: Mounting plugin BackChannel
LogPluginManager: Mounting plugin CharacterAI
LogPluginManager: Mounting plugin GeometryCache
LogPluginManager: Mounting plugin HTML5Networking
LogPluginManager: Mounting plugin PlatformCrypto
LogPluginManager: Mounting plugin ProxyLODPlugin
LogPluginManager: Mounting plugin SkeletalReduction
LogPluginManager: Mounting plugin MagicLeap
LogPluginManager: Mounting plugin MagicLeapMedia
LogPluginManager: Mounting plugin AndroidMedia
LogPluginManager: Mounting plugin AvfMedia
LogPluginManager: Mounting plugin ImgMedia
LogPluginManager: Mounting plugin MediaCompositing
LogPluginManager: Mounting plugin MediaPlayerEditor
LogPluginManager: Mounting plugin WebMMedia
LogPluginManager: Mounting plugin WmfMedia
LogPluginManager: Mounting plugin TcpMessaging
LogPluginManager: Mounting plugin UdpMessaging
LogPluginManager: Mounting plugin ActorSequence
LogPluginManager: Mounting plugin LevelSequenceEditor
LogPluginManager: Mounting plugin MatineeToLevelSequence
LogPluginManager: Mounting plugin NetcodeUnitTest
LogPluginManager: Mounting plugin NUTUnrealEngine4
LogPluginManager: Mounting plugin OnlineSubsystemGooglePlay
LogPluginManager: Mounting plugin OnlineSubsystemIOS
LogPluginManager: Mounting plugin OnlineSubsystem
LogPluginManager: Mounting plugin OnlineSubsystemNull
LogPluginManager: Mounting plugin OnlineSubsystemUtils
LogPluginManager: Mounting plugin LauncherChunkInstaller
LogPluginManager: Mounting plugin AndroidDeviceProfileSelector
LogPluginManager: Mounting plugin AndroidMoviePlayer
LogPluginManager: Mounting plugin AndroidPermission
LogPluginManager: Mounting plugin ApexDestruction
LogPluginManager: Mounting plugin AppleImageUtils
LogPluginManager: Mounting plugin AppleMoviePlayer
LogPluginManager: Mounting plugin ArchVisCharacter
LogPluginManager: Mounting plugin AudioCapture
LogPluginManager: Mounting plugin CableComponent
LogPluginManager: Mounting plugin CustomMeshComponent
LogPluginManager: Mounting plugin EditableMesh
LogPluginManager: Mounting plugin ExampleDeviceProfileSelector
LogPluginManager: Mounting plugin GoogleCloudMessaging
LogPluginManager: Mounting plugin IOSDeviceProfileSelector
LogPluginManager: Mounting plugin LinuxDeviceProfileSelector
LogPluginManager: Mounting plugin LocationServicesBPLibrary
LogPluginManager: Mounting plugin MobilePatchingUtils
LogPluginManager: Mounting plugin OculusVR
LogPluginManager: Mounting plugin PhysXVehicles
LogPluginManager: Mounting plugin ProceduralMeshComponent
LogPluginManager: Mounting plugin RuntimePhysXCooking
LogPluginManager: Mounting plugin SignificanceManager
LogPluginManager: Mounting plugin SteamVR
LogPluginManager: Mounting plugin WebMMoviePlayer
LogPluginManager: Mounting plugin WindowsMoviePlayer
LogPluginManager: Mounting plugin ScreenshotTools
LogInit: Using libcurl 7.55.1-DEV
LogInit:  - built for x86_64-pc-win32
LogInit:  - supports SSL with OpenSSL/1.1.1
LogInit:  - supports HTTP deflate (compression) using libz 1.2.8
LogInit:  - other features:
LogInit:      CURL_VERSION_SSL
LogInit:      CURL_VERSION_LIBZ
LogInit:      CURL_VERSION_IPV6
LogInit:      CURL_VERSION_ASYNCHDNS
LogInit:      CURL_VERSION_LARGEFILE
LogInit:      CURL_VERSION_IDN
LogInit:  CurlRequestOptions (configurable via config and command line):
LogInit:  - bVerifyPeer = true  - Libcurl will verify peer certificate
LogInit:  - bUseHttpProxy = false  - Libcurl will NOT use HTTP proxy
LogInit:  - bDontReuseConnections = false  - Libcurl will reuse connections
LogInit:  - MaxHostConnections = 16  - Libcurl will limit the number of connections to a host
LogInit:  - LocalHostAddr = Default
LogInit:  - BufferSize = 65536
LogOnline: OSS: Creating online subsystem instance for: NULL
LogInit: WinSock: version 1.1 (2.2), MaxSocks=32767, MaxUdp=65467
LogInit: Build: ++UE4+Release-4.23-CL-8386587
LogInit: Engine Version: 4.23.0-8386587+++UE4+Release-4.23
LogInit: Compatible Engine Version: 4.23.0-8386587+++UE4+Release-4.23
LogInit: Net CL: 8386587
LogInit: OS: Windows 10 (Release 1903) (), CPU: Intel(R) Core(TM) i7-4770K CPU @ 3.50GHz, GPU: NVIDIA GeForce GTX 1070
LogInit: Compiled (64-bit): Aug 31 2019 02:04:44
LogInit: Compiled with Visual C++: 19.16.27030.01
LogInit: Build Configuration: Development
LogInit: Branch Name: ++UE4+Release-4.23
LogInit: Command Line: 
LogInit: Base Directory: F:/Programs/Unreal/UE_4.23/Engine/Binaries/Win64/
LogInit: Installed Engine Build: 1
LogDevObjectVersion: Number of dev versions registered: 23
LogDevObjectVersion:   Dev-Blueprints (B0D832E4-1F89-4F0D-ACCF-7EB736FD4AA2): 10
LogDevObjectVersion:   Dev-Build (E1C64328-A22C-4D53-A36C-8E866417BD8C): 0
LogDevObjectVersion:   Dev-Core (375EC13C-06E4-48FB-B500-84F0262A717E): 3
LogDevObjectVersion:   Dev-Editor (E4B068ED-F494-42E9-A231-DA0B2E46BB41): 34
LogDevObjectVersion:   Dev-Framework (CFFC743F-43B0-4480-9391-14DF171D2073): 35
LogDevObjectVersion:   Dev-Mobile (B02B49B5-BB20-44E9-A304-32B752E40360): 2
LogDevObjectVersion:   Dev-Networking (A4E4105C-59A1-49B5-A7C5-40C4547EDFEE): 0
LogDevObjectVersion:   Dev-Online (39C831C9-5AE6-47DC-9A44-9C173E1C8E7C): 0
LogDevObjectVersion:   Dev-Physics (78F01B33-EBEA-4F98-B9B4-84EACCB95AA2): 0
LogDevObjectVersion:   Dev-Platform (6631380F-2D4D-43E0-8009-CF276956A95A): 0
LogDevObjectVersion:   Dev-Rendering (12F88B9F-8875-4AFC-A67C-D90C383ABD29): 31
LogDevObjectVersion:   Dev-Sequencer (7B5AE74C-D270-4C10-A958-57980B212A5A): 11
LogDevObjectVersion:   Dev-VR (D7296918-1DD6-4BDD-9DE2-64A83CC13884): 2
LogDevObjectVersion:   Dev-LoadTimes (C2A15278-BFE7-4AFE-6C17-90FF531DF755): 1
LogDevObjectVersion:   Private-Geometry (6EACA3D4-40EC-4CC1-B786-8BED09428FC5): 3
LogDevObjectVersion:   Dev-AnimPhys (29E575DD-E0A3-4627-9D10-D276232CDCEA): 17
LogDevObjectVersion:   Dev-Anim (AF43A65D-7FD3-4947-9873-3E8ED9C1BB05): 2
LogDevObjectVersion:   Dev-ReflectionCapture (6B266CEC-1EC7-4B8F-A30B-E4D90942FC07): 1
LogDevObjectVersion:   Dev-Automation (0DF73D61-A23F-47EA-B727-89E90C41499A): 1
LogDevObjectVersion:   FortniteMain (601D1886-AC64-4F84-AA16-D3DE0DEAC7D6): 27
LogDevObjectVersion:   Dev-Enterprise (9DFFBCD6-494F-0158-E221-12823C92A888): 6
LogDevObjectVersion:   Dev-Niagara (F2AED0AC-9AFE-416F-8664-AA7FFA26D6FC): 1
LogDevObjectVersion:   Dev-Destruction (174F1F0B-B4C6-45A5-B13F-2EE8D0FB917D): 9
LogInit: Presizing for max 16777216 objects, including 0 objects not considered by GC, pre-allocating 0 bytes for permanent pool.
LogInit: Object subsystem initialized
LogConfig: Setting CVar [[con.DebugEarlyDefault:1]]
LogConfig: Setting CVar [[r.setres:1280x720]]
[2019.10.21-03.17.42:911][  0]LogConfig: Setting CVar [[r.VSync:0]]
[2019.10.21-03.17.42:911][  0]LogConfig: Setting CVar [[r.RHICmdBypass:0]]
[2019.10.21-03.17.42:911][  0]LogConfig: Applying CVar settings from Section [/Script/Engine.RendererSettings] File [F:/C drive/Documents/Github/GameJam3/GameJam3/Saved/Config/Windows/Engine.ini]
[2019.10.21-03.17.42:911][  0]LogConfig: Setting CVar [[r.GPUCrashDebugging:0]]
[2019.10.21-03.17.42:911][  0]LogConfig: Setting CVar [[r.DefaultFeature.AutoExposure.ExtendDefaultLuminanceRange:1]]
[2019.10.21-03.17.42:911][  0]LogConfig: Applying CVar settings from Section [/Script/Engine.RendererOverrideSettings] File [F:/C drive/Documents/Github/GameJam3/GameJam3/Saved/Config/Windows/Engine.ini]
[2019.10.21-03.17.42:911][  0]LogConfig: Applying CVar settings from Section [/Script/Engine.StreamingSettings] File [F:/C drive/Documents/Github/GameJam3/GameJam3/Saved/Config/Windows/Engine.ini]
[2019.10.21-03.17.42:911][  0]LogConfig: Setting CVar [[s.MinBulkDataSizeForAsyncLoading:131072]]
[2019.10.21-03.17.42:911][  0]LogConfig: Setting CVar [[s.AsyncLoadingThreadEnabled:0]]
[2019.10.21-03.17.42:911][  0]LogConfig: Setting CVar [[s.EventDrivenLoaderEnabled:1]]
[2019.10.21-03.17.42:911][  0]LogConfig: Setting CVar [[s.WarnIfTimeLimitExceeded:0]]
[2019.10.21-03.17.42:911][  0]LogConfig: Setting CVar [[s.TimeLimitExceededMultiplier:1.5]]
[2019.10.21-03.17.42:911][  0]LogConfig: Setting CVar [[s.TimeLimitExceededMinTime:0.005]]
[2019.10.21-03.17.42:911][  0]LogConfig: Setting CVar [[s.UseBackgroundLevelStreaming:1]]
[2019.10.21-03.17.42:911][  0]LogConfig: Setting CVar [[s.PriorityAsyncLoadingExtraTime:15.0]]
[2019.10.21-03.17.42:911][  0]LogConfig: Setting CVar [[s.LevelStreamingActorsUpdateTimeLimit:5.0]]
[2019.10.21-03.17.42:911][  0]LogConfig: Setting CVar [[s.PriorityLevelStreamingActorsUpdateExtraTime:5.0]]
[2019.10.21-03.17.42:911][  0]LogConfig: Setting CVar [[s.LevelStreamingComponentsRegistrationGranularity:10]]
[2019.10.21-03.17.42:911][  0]LogConfig: Setting CVar [[s.UnregisterComponentsTimeLimit:1.0]]
[2019.10.21-03.17.42:911][  0]LogConfig: Setting CVar [[s.LevelStreamingComponentsUnregistrationGranularity:5]]
[2019.10.21-03.17.42:911][  0]LogConfig: Applying CVar settings from Section [/Script/Engine.GarbageCollectionSettings] File [F:/C drive/Documents/Github/GameJam3/GameJam3/Saved/Config/Windows/Engine.ini]
[2019.10.21-03.17.42:911][  0]LogConfig: Setting CVar [[gc.MaxObjectsNotConsideredByGC:1]]
[2019.10.21-03.17.42:911][  0]LogConfig: Setting CVar [[gc.SizeOfPermanentObjectPool:0]]
[2019.10.21-03.17.42:911][  0]LogConfig: Setting CVar [[gc.FlushStreamingOnGC:0]]
[2019.10.21-03.17.42:911][  0]LogConfig: Setting CVar [[gc.NumRetriesBeforeForcingGC:10]]
[2019.10.21-03.17.42:911][  0]LogConfig: Setting CVar [[gc.AllowParallelGC:1]]
[2019.10.21-03.17.42:911][  0]LogConfig: Setting CVar [[gc.TimeBetweenPurgingPendingKillObjects:61.1]]
[2019.10.21-03.17.42:911][  0]LogConfig: Setting CVar [[gc.MaxObjectsInEditor:16777216]]
[2019.10.21-03.17.42:911][  0]LogConfig: Setting CVar [[gc.IncrementalBeginDestroyEnabled:1]]
[2019.10.21-03.17.42:911][  0]LogConfig: Setting CVar [[gc.CreateGCClusters:1]]
[2019.10.21-03.17.42:912][  0]LogConfig: Setting CVar [[gc.MinGCClusterSize:5]]
[2019.10.21-03.17.42:912][  0]LogConfig: Setting CVar [[gc.ActorClusteringEnabled:0]]
[2019.10.21-03.17.42:912][  0]LogConfig: Setting CVar [[gc.BlueprintClusteringEnabled:0]]
[2019.10.21-03.17.42:912][  0]LogConfig: Setting CVar [[gc.UseDisregardForGCOnDedicatedServers:0]]
[2019.10.21-03.17.42:912][  0]LogConfig: Applying CVar settings from Section [/Script/Engine.NetworkSettings] File [F:/C drive/Documents/Github/GameJam3/GameJam3/Saved/Config/Windows/Engine.ini]
[2019.10.21-03.17.42:912][  0]LogConfig: Applying CVar settings from Section [/Script/UnrealEd.CookerSettings] File [F:/C drive/Documents/Github/GameJam3/GameJam3/Saved/Config/Windows/Engine.ini]
[2019.10.21-03.17.42:919][  0]LogConfig: Applying CVar settings from Section [ViewDistanceQuality@3] File [F:/C drive/Documents/Github/GameJam3/GameJam3/Saved/Config/Windows/Scalability.ini]
[2019.10.21-03.17.42:919][  0]LogConfig: Setting CVar [[r.SkeletalMeshLODBias:0]]
[2019.10.21-03.17.42:919][  0]LogConfig: Setting CVar [[r.ViewDistanceScale:1.0]]
[2019.10.21-03.17.42:919][  0]LogConfig: Applying CVar settings from Section [AntiAliasingQuality@3] File [F:/C drive/Documents/Github/GameJam3/GameJam3/Saved/Config/Windows/Scalability.ini]
[2019.10.21-03.17.42:919][  0]LogConfig: Setting CVar [[r.PostProcessAAQuality:4]]
[2019.10.21-03.17.42:919][  0]LogConfig: Applying CVar settings from Section [ShadowQuality@3] File [F:/C drive/Documents/Github/GameJam3/GameJam3/Saved/Config/Windows/Scalability.ini]
[2019.10.21-03.17.42:919][  0]LogConfig: Setting CVar [[r.LightFunctionQuality:1]]
[2019.10.21-03.17.42:919][  0]LogConfig: Setting CVar [[r.ShadowQuality:5]]
[2019.10.21-03.17.42:919][  0]LogConfig: Setting CVar [[r.Shadow.CSM.MaxCascades:10]]
[2019.10.21-03.17.42:919][  0]LogConfig: Setting CVar [[r.Shadow.MaxResolution:2048]]
[2019.10.21-03.17.42:919][  0]LogConfig: Setting CVar [[r.Shadow.MaxCSMResolution:2048]]
[2019.10.21-03.17.42:919][  0]LogConfig: Setting CVar [[r.Shadow.RadiusThreshold:0.01]]
[2019.10.21-03.17.42:919][  0]LogConfig: Setting CVar [[r.Shadow.DistanceScale:1.0]]
[2019.10.21-03.17.42:919][  0]LogConfig: Setting CVar [[r.Shadow.CSM.TransitionScale:1.0]]
[2019.10.21-03.17.42:919][  0]LogConfig: Setting CVar [[r.Shadow.PreShadowResolutionFactor:1.0]]
[2019.10.21-03.17.42:919][  0]LogConfig: Setting CVar [[r.DistanceFieldShadowing:1]]
[2019.10.21-03.17.42:919][  0]LogConfig: Setting CVar [[r.DistanceFieldAO:1]]
[2019.10.21-03.17.42:919][  0]LogConfig: Setting CVar [[r.AOQuality:2]]
[2019.10.21-03.17.42:919][  0]LogConfig: Setting CVar [[r.VolumetricFog:1]]
[2019.10.21-03.17.42:919][  0]LogConfig: Setting CVar [[r.VolumetricFog.GridPixelSize:8]]
[2019.10.21-03.17.42:919][  0]LogConfig: Setting CVar [[r.VolumetricFog.GridSizeZ:128]]
[2019.10.21-03.17.42:919][  0]LogConfig: Setting CVar [[r.VolumetricFog.HistoryMissSupersampleCount:4]]
[2019.10.21-03.17.42:919][  0]LogConfig: Setting CVar [[r.LightMaxDrawDistanceScale:1]]
[2019.10.21-03.17.42:919][  0]LogConfig: Setting CVar [[r.CapsuleShadows:1]]
[2019.10.21-03.17.42:919][  0]LogConfig: Applying CVar settings from Section [PostProcessQuality@3] File [F:/C drive/Documents/Github/GameJam3/GameJam3/Saved/Config/Windows/Scalability.ini]
[2019.10.21-03.17.42:919][  0]LogConfig: Setting CVar [[r.MotionBlurQuality:4]]
[2019.10.21-03.17.42:919][  0]LogConfig: Setting CVar [[r.AmbientOcclusionMipLevelFactor:0.4]]
[2019.10.21-03.17.42:919][  0]LogConfig: Setting CVar [[r.AmbientOcclusionMaxQuality:100]]
[2019.10.21-03.17.42:919][  0]LogConfig: Setting CVar [[r.AmbientOcclusionLevels:-1]]
[2019.10.21-03.17.42:919][  0]LogConfig: Setting CVar [[r.AmbientOcclusionRadiusScale:1.0]]
[2019.10.21-03.17.42:919][  0]LogConfig: Setting CVar [[r.DepthOfFieldQuality:2]]
[2019.10.21-03.17.42:919][  0]LogConfig: Setting CVar [[r.RenderTargetPoolMin:400]]
[2019.10.21-03.17.42:919][  0]LogConfig: Setting CVar [[r.LensFlareQuality:2]]
[2019.10.21-03.17.42:919][  0]LogConfig: Setting CVar [[r.SceneColorFringeQuality:1]]
[2019.10.21-03.17.42:919][  0]LogConfig: Setting CVar [[r.EyeAdaptationQuality:2]]
[2019.10.21-03.17.42:919][  0]LogConfig: Setting CVar [[r.BloomQuality:5]]
[2019.10.21-03.17.42:919][  0]LogConfig: Setting CVar [[r.FastBlurThreshold:100]]
[2019.10.21-03.17.42:919][  0]LogConfig: Setting CVar [[r.Upscale.Quality:3]]
[2019.10.21-03.17.42:919][  0]LogConfig: Setting CVar [[r.Tonemapper.GrainQuantization:1]]
[2019.10.21-03.17.42:919][  0]LogConfig: Setting CVar [[r.LightShaftQuality:1]]
[2019.10.21-03.17.42:919][  0]LogConfig: Setting CVar [[r.Filter.SizeScale:1]]
[2019.10.21-03.17.42:919][  0]LogConfig: Setting CVar [[r.Tonemapper.Quality:5]]
[2019.10.21-03.17.42:919][  0]LogConfig: Setting CVar [[r.DOF.Gather.AccumulatorQuality:1        ; higher gathering accumulator quality]]
[2019.10.21-03.17.42:919][  0]LogConfig: Setting CVar [[r.DOF.Gather.PostfilterMethod:1          ; Median3x3 postfilering method]]
[2019.10.21-03.17.42:919][  0]LogConfig: Setting CVar [[r.DOF.Gather.EnableBokehSettings:0       ; no bokeh simulation when gathering]]
[2019.10.21-03.17.42:919][  0]LogConfig: Setting CVar [[r.DOF.Gather.RingCount:4                 ; medium number of samples when gathering]]
[2019.10.21-03.17.42:919][  0]LogConfig: Setting CVar [[r.DOF.Scatter.ForegroundCompositing:1    ; additive foreground scattering]]
[2019.10.21-03.17.42:919][  0]LogConfig: Setting CVar [[r.DOF.Scatter.BackgroundCompositing:2    ; additive background scattering]]
[2019.10.21-03.17.42:919][  0]LogConfig: Setting CVar [[r.DOF.Scatter.EnableBokehSettings:1      ; bokeh simulation when scattering]]
[2019.10.21-03.17.42:919][  0]LogConfig: Setting CVar [[r.DOF.Scatter.MaxSpriteRatio:0.1         ; only a maximum of 10% of scattered bokeh]]
[2019.10.21-03.17.42:919][  0]LogConfig: Setting CVar [[r.DOF.Recombine.Quality:1                ; cheap slight out of focus]]
[2019.10.21-03.17.42:919][  0]LogConfig: Setting CVar [[r.DOF.Recombine.EnableBokehSettings:0    ; no bokeh simulation on slight out of focus]]
[2019.10.21-03.17.42:919][  0]LogConfig: Setting CVar [[r.DOF.TemporalAAQuality:1                ; more stable temporal accumulation]]
[2019.10.21-03.17.42:919][  0]LogConfig: Setting CVar [[r.DOF.Kernel.MaxForegroundRadius:0.025]]
[2019.10.21-03.17.42:919][  0]LogConfig: Setting CVar [[r.DOF.Kernel.MaxBackgroundRadius:0.025]]
[2019.10.21-03.17.42:919][  0]LogConfig: Applying CVar settings from Section [TextureQuality@3] File [F:/C drive/Documents/Github/GameJam3/GameJam3/Saved/Config/Windows/Scalability.ini]
[2019.10.21-03.17.42:919][  0]LogConfig: Setting CVar [[r.Streaming.MipBias:0]]
[2019.10.21-03.17.42:919][  0]LogConfig: Setting CVar [[r.Streaming.AmortizeCPUToGPUCopy:0]]
[2019.10.21-03.17.42:919][  0]LogConfig: Setting CVar [[r.Streaming.MaxNumTexturesToStreamPerFrame:0]]
[2019.10.21-03.17.42:919][  0]LogConfig: Setting CVar [[r.Streaming.Boost:1]]
[2019.10.21-03.17.42:919][  0]LogConfig: Setting CVar [[r.MaxAnisotropy:8]]
[2019.10.21-03.17.42:919][  0]LogConfig: Setting CVar [[r.Streaming.LimitPoolSizeToVRAM:0]]
[2019.10.21-03.17.42:919][  0]LogConfig: Setting CVar [[r.Streaming.PoolSize:1000]]
[2019.10.21-03.17.42:920][  0]LogConfig: Setting CVar [[r.Streaming.MaxEffectiveScreenSize:0]]
[2019.10.21-03.17.42:920][  0]LogConfig: Applying CVar settings from Section [EffectsQuality@3] File [F:/C drive/Documents/Github/GameJam3/GameJam3/Saved/Config/Windows/Scalability.ini]
[2019.10.21-03.17.42:920][  0]LogConfig: Setting CVar [[r.TranslucencyLightingVolumeDim:64]]
[2019.10.21-03.17.42:920][  0]LogConfig: Setting CVar [[r.RefractionQuality:2]]
[2019.10.21-03.17.42:920][  0]LogConfig: Setting CVar [[r.SSR.Quality:3]]
[2019.10.21-03.17.42:920][  0]LogConfig: Setting CVar [[r.SceneColorFormat:4]]
[2019.10.21-03.17.42:920][  0]LogConfig: Setting CVar [[r.DetailMode:2]]
[2019.10.21-03.17.42:920][  0]LogConfig: Setting CVar [[r.TranslucencyVolumeBlur:1]]
[2019.10.21-03.17.42:920][  0]LogConfig: Setting CVar [[r.MaterialQualityLevel:1 ; High quality]]
[2019.10.21-03.17.42:920][  0]LogConfig: Setting CVar [[r.SSS.Scale:1]]
[2019.10.21-03.17.42:920][  0]LogConfig: Setting CVar [[r.SSS.SampleSet:2]]
[2019.10.21-03.17.42:920][  0]LogConfig: Setting CVar [[r.SSS.Quality:1]]
[2019.10.21-03.17.42:920][  0]LogConfig: Setting CVar [[r.SSS.HalfRes:1]]
[2019.10.21-03.17.42:920][  0]LogConfig: Setting CVar [[r.EmitterSpawnRateScale:1.0]]
[2019.10.21-03.17.42:920][  0]LogConfig: Setting CVar [[r.ParticleLightQuality:2]]
[2019.10.21-03.17.42:920][  0]LogConfig: Applying CVar settings from Section [FoliageQuality@3] File [F:/C drive/Documents/Github/GameJam3/GameJam3/Saved/Config/Windows/Scalability.ini]
[2019.10.21-03.17.42:920][  0]LogConfig: Setting CVar [[foliage.DensityScale:1.0]]
[2019.10.21-03.17.42:920][  0]LogConfig: Setting CVar [[grass.DensityScale:1.0]]
[2019.10.21-03.17.42:920][  0]LogInit: Selected Device Profile: [Windows]
[2019.10.21-03.17.42:920][  0]LogInit: Applying CVar settings loaded from the selected device profile: [Windows]
[2019.10.21-03.17.42:922][  0]LogHAL: Display: Platform has ~ 16 GB [17118347264 / 17179869184 / 16], which maps to Larger [LargestMinGB=32, LargerMinGB=12, DefaultMinGB=8, SmallerMinGB=6, SmallestMinGB=0)
[2019.10.21-03.17.42:922][  0]LogInit: Going up to parent DeviceProfile []
[2019.10.21-03.17.42:922][  0]LogConfig: Applying CVar settings from Section [ViewDistanceQuality@3] File [F:/C drive/Documents/Github/GameJam3/GameJam3/Saved/Config/Windows/Scalability.ini]
[2019.10.21-03.17.42:923][  0]LogConfig: Setting CVar [[r.SkeletalMeshLODBias:0]]
[2019.10.21-03.17.42:923][  0]LogConfig: Setting CVar [[r.ViewDistanceScale:1.0]]
[2019.10.21-03.17.42:923][  0]LogConfig: Applying CVar settings from Section [AntiAliasingQuality@3] File [F:/C drive/Documents/Github/GameJam3/GameJam3/Saved/Config/Windows/Scalability.ini]
[2019.10.21-03.17.42:923][  0]LogConfig: Setting CVar [[r.PostProcessAAQuality:4]]
[2019.10.21-03.17.42:923][  0]LogConfig: Applying CVar settings from Section [ShadowQuality@3] File [F:/C drive/Documents/Github/GameJam3/GameJam3/Saved/Config/Windows/Scalability.ini]
[2019.10.21-03.17.42:923][  0]LogConfig: Setting CVar [[r.LightFunctionQuality:1]]
[2019.10.21-03.17.42:923][  0]LogConfig: Setting CVar [[r.ShadowQuality:5]]
[2019.10.21-03.17.42:923][  0]LogConfig: Setting CVar [[r.Shadow.CSM.MaxCascades:10]]
[2019.10.21-03.17.42:923][  0]LogConfig: Setting CVar [[r.Shadow.MaxResolution:2048]]
[2019.10.21-03.17.42:923][  0]LogConfig: Setting CVar [[r.Shadow.MaxCSMResolution:2048]]
[2019.10.21-03.17.42:923][  0]LogConfig: Setting CVar [[r.Shadow.RadiusThreshold:0.01]]
[2019.10.21-03.17.42:923][  0]LogConfig: Setting CVar [[r.Shadow.DistanceScale:1.0]]
[2019.10.21-03.17.42:923][  0]LogConfig: Setting CVar [[r.Shadow.CSM.TransitionScale:1.0]]
[2019.10.21-03.17.42:923][  0]LogConfig: Setting CVar [[r.Shadow.PreShadowResolutionFactor:1.0]]
[2019.10.21-03.17.42:923][  0]LogConfig: Setting CVar [[r.DistanceFieldShadowing:1]]
[2019.10.21-03.17.42:923][  0]LogConfig: Setting CVar [[r.DistanceFieldAO:1]]
[2019.10.21-03.17.42:923][  0]LogConfig: Setting CVar [[r.AOQuality:2]]
[2019.10.21-03.17.42:923][  0]LogConfig: Setting CVar [[r.VolumetricFog:1]]
[2019.10.21-03.17.42:923][  0]LogConfig: Setting CVar [[r.VolumetricFog.GridPixelSize:8]]
[2019.10.21-03.17.42:923][  0]LogConfig: Setting CVar [[r.VolumetricFog.GridSizeZ:128]]
[2019.10.21-03.17.42:923][  0]LogConfig: Setting CVar [[r.VolumetricFog.HistoryMissSupersampleCount:4]]
[2019.10.21-03.17.42:923][  0]LogConfig: Setting CVar [[r.LightMaxDrawDistanceScale:1]]
[2019.10.21-03.17.42:923][  0]LogConfig: Setting CVar [[r.CapsuleShadows:1]]
[2019.10.21-03.17.42:923][  0]LogConfig: Applying CVar settings from Section [PostProcessQuality@3] File [F:/C drive/Documents/Github/GameJam3/GameJam3/Saved/Config/Windows/Scalability.ini]
[2019.10.21-03.17.42:923][  0]LogConfig: Setting CVar [[r.MotionBlurQuality:4]]
[2019.10.21-03.17.42:923][  0]LogConfig: Setting CVar [[r.AmbientOcclusionMipLevelFactor:0.4]]
[2019.10.21-03.17.42:923][  0]LogConfig: Setting CVar [[r.AmbientOcclusionMaxQuality:100]]
[2019.10.21-03.17.42:923][  0]LogConfig: Setting CVar [[r.AmbientOcclusionLevels:-1]]
[2019.10.21-03.17.42:923][  0]LogConfig: Setting CVar [[r.AmbientOcclusionRadiusScale:1.0]]
[2019.10.21-03.17.42:923][  0]LogConfig: Setting CVar [[r.DepthOfFieldQuality:2]]
[2019.10.21-03.17.42:923][  0]LogConfig: Setting CVar [[r.RenderTargetPoolMin:400]]
[2019.10.21-03.17.42:923][  0]LogConfig: Setting CVar [[r.LensFlareQuality:2]]
[2019.10.21-03.17.42:923][  0]LogConfig: Setting CVar [[r.SceneColorFringeQuality:1]]
[2019.10.21-03.17.42:923][  0]LogConfig: Setting CVar [[r.EyeAdaptationQuality:2]]
[2019.10.21-03.17.42:923][  0]LogConfig: Setting CVar [[r.BloomQuality:5]]
[2019.10.21-03.17.42:923][  0]LogConfig: Setting CVar [[r.FastBlurThreshold:100]]
[2019.10.21-03.17.42:923][  0]LogConfig: Setting CVar [[r.Upscale.Quality:3]]
[2019.10.21-03.17.42:923][  0]LogConfig: Setting CVar [[r.Tonemapper.GrainQuantization:1]]
[2019.10.21-03.17.42:923][  0]LogConfig: Setting CVar [[r.LightShaftQuality:1]]
[2019.10.21-03.17.42:923][  0]LogConfig: Setting CVar [[r.Filter.SizeScale:1]]
[2019.10.21-03.17.42:923][  0]LogConfig: Setting CVar [[r.Tonemapper.Quality:5]]
[2019.10.21-03.17.42:923][  0]LogConfig: Setting CVar [[r.DOF.Gather.AccumulatorQuality:1        ; higher gathering accumulator quality]]
[2019.10.21-03.17.42:923][  0]LogConfig: Setting CVar [[r.DOF.Gather.PostfilterMethod:1          ; Median3x3 postfilering method]]
[2019.10.21-03.17.42:923][  0]LogConfig: Setting CVar [[r.DOF.Gather.EnableBokehSettings:0       ; no bokeh simulation when gathering]]
[2019.10.21-03.17.42:923][  0]LogConfig: Setting CVar [[r.DOF.Gather.RingCount:4                 ; medium number of samples when gathering]]
[2019.10.21-03.17.42:923][  0]LogConfig: Setting CVar [[r.DOF.Scatter.ForegroundCompositing:1    ; additive foreground scattering]]
[2019.10.21-03.17.42:923][  0]LogConfig: Setting CVar [[r.DOF.Scatter.BackgroundCompositing:2    ; additive background scattering]]
[2019.10.21-03.17.42:923][  0]LogConfig: Setting CVar [[r.DOF.Scatter.EnableBokehSettings:1      ; bokeh simulation when scattering]]
[2019.10.21-03.17.42:924][  0]LogConfig: Setting CVar [[r.DOF.Scatter.MaxSpriteRatio:0.1         ; only a maximum of 10% of scattered bokeh]]
[2019.10.21-03.17.42:924][  0]LogConfig: Setting CVar [[r.DOF.Recombine.Quality:1                ; cheap slight out of focus]]
[2019.10.21-03.17.42:924][  0]LogConfig: Setting CVar [[r.DOF.Recombine.EnableBokehSettings:0    ; no bokeh simulation on slight out of focus]]
[2019.10.21-03.17.42:924][  0]LogConfig: Setting CVar [[r.DOF.TemporalAAQuality:1                ; more stable temporal accumulation]]
[2019.10.21-03.17.42:924][  0]LogConfig: Setting CVar [[r.DOF.Kernel.MaxForegroundRadius:0.025]]
[2019.10.21-03.17.42:924][  0]LogConfig: Setting CVar [[r.DOF.Kernel.MaxBackgroundRadius:0.025]]
[2019.10.21-03.17.42:924][  0]LogConfig: Applying CVar settings from Section [TextureQuality@3] File [F:/C drive/Documents/Github/GameJam3/GameJam3/Saved/Config/Windows/Scalability.ini]
[2019.10.21-03.17.42:924][  0]LogConfig: Setting CVar [[r.Streaming.MipBias:0]]
[2019.10.21-03.17.42:924][  0]LogConfig: Setting CVar [[r.Streaming.AmortizeCPUToGPUCopy:0]]
[2019.10.21-03.17.42:924][  0]LogConfig: Setting CVar [[r.Streaming.MaxNumTexturesToStreamPerFrame:0]]
[2019.10.21-03.17.42:924][  0]LogConfig: Setting CVar [[r.Streaming.Boost:1]]
[2019.10.21-03.17.42:924][  0]LogConfig: Setting CVar [[r.MaxAnisotropy:8]]
[2019.10.21-03.17.42:924][  0]LogConfig: Setting CVar [[r.Streaming.LimitPoolSizeToVRAM:0]]
[2019.10.21-03.17.42:924][  0]LogConfig: Setting CVar [[r.Streaming.PoolSize:1000]]
[2019.10.21-03.17.42:924][  0]LogConfig: Setting CVar [[r.Streaming.MaxEffectiveScreenSize:0]]
[2019.10.21-03.17.42:924][  0]LogConfig: Applying CVar settings from Section [EffectsQuality@3] File [F:/C drive/Documents/Github/GameJam3/GameJam3/Saved/Config/Windows/Scalability.ini]
[2019.10.21-03.17.42:924][  0]LogConfig: Setting CVar [[r.TranslucencyLightingVolumeDim:64]]
[2019.10.21-03.17.42:924][  0]LogConfig: Setting CVar [[r.RefractionQuality:2]]
[2019.10.21-03.17.42:924][  0]LogConfig: Setting CVar [[r.SSR.Quality:3]]
[2019.10.21-03.17.42:924][  0]LogConfig: Setting CVar [[r.SceneColorFormat:4]]
[2019.10.21-03.17.42:924][  0]LogConfig: Setting CVar [[r.DetailMode:2]]
[2019.10.21-03.17.42:924][  0]LogConfig: Setting CVar [[r.TranslucencyVolumeBlur:1]]
[2019.10.21-03.17.42:924][  0]LogConfig: Setting CVar [[r.MaterialQualityLevel:1 ; High quality]]
[2019.10.21-03.17.42:924][  0]LogConfig: Setting CVar [[r.SSS.Scale:1]]
[2019.10.21-03.17.42:924][  0]LogConfig: Setting CVar [[r.SSS.SampleSet:2]]
[2019.10.21-03.17.42:924][  0]LogConfig: Setting CVar [[r.SSS.Quality:1]]
[2019.10.21-03.17.42:924][  0]LogConfig: Setting CVar [[r.SSS.HalfRes:1]]
[2019.10.21-03.17.42:924][  0]LogConfig: Setting CVar [[r.EmitterSpawnRateScale:1.0]]
[2019.10.21-03.17.42:924][  0]LogConfig: Setting CVar [[r.ParticleLightQuality:2]]
[2019.10.21-03.17.42:924][  0]LogConfig: Applying CVar settings from Section [FoliageQuality@3] File [F:/C drive/Documents/Github/GameJam3/GameJam3/Saved/Config/Windows/Scalability.ini]
[2019.10.21-03.17.42:924][  0]LogConfig: Setting CVar [[foliage.DensityScale:1.0]]
[2019.10.21-03.17.42:924][  0]LogConfig: Setting CVar [[grass.DensityScale:1.0]]
[2019.10.21-03.17.42:924][  0]LogConfig: Applying CVar settings from Section [Startup] File [../../../Engine/Config/ConsoleVariables.ini]
[2019.10.21-03.17.42:924][  0]LogConfig: Setting CVar [[net.UseAdaptiveNetUpdateFrequency:0]]
[2019.10.21-03.17.42:924][  0]LogConfig: Setting CVar [[p.chaos.AllowCreatePhysxBodies:1]]
[2019.10.21-03.17.42:924][  0]LogConfig: Applying CVar settings from Section [ConsoleVariables] File [F:/C drive/Documents/Github/GameJam3/GameJam3/Saved/Config/Windows/Engine.ini]
[2019.10.21-03.17.42:924][  0]LogInit: Computer: OWNER-PC
[2019.10.21-03.17.42:924][  0]LogInit: User: Owner
[2019.10.21-03.17.42:924][  0]LogInit: CPU Page size=4096, Cores=4
[2019.10.21-03.17.42:924][  0]LogInit: High frequency timer resolution =10.000000 MHz
[2019.10.21-03.17.42:924][  0]LogMemory: Memory total: Physical=15.9GB (16GB approx)
[2019.10.21-03.17.42:924][  0]LogMemory: Platform Memory Stats for Windows
[2019.10.21-03.17.42:924][  0]LogMemory: Process Physical Memory: 101.77 MB used, 101.78 MB peak
[2019.10.21-03.17.42:924][  0]LogMemory: Process Virtual Memory: 99.30 MB used, 99.30 MB peak
[2019.10.21-03.17.42:925][  0]LogMemory: Physical Memory: 10103.30 MB used,  6222.03 MB free, 16325.33 MB total
[2019.10.21-03.17.42:925][  0]LogMemory: Virtual Memory: 4666.75 MB used,  134213064.00 MB free, 134217728.00 MB total
[2019.10.21-03.17.42:928][  0]LogWindows: WindowsPlatformFeatures enabled
[2019.10.21-03.17.42:954][  0]LogInit: Using OS detected language (en-US).
[2019.10.21-03.17.42:954][  0]LogInit: Using OS detected locale (en-US).
[2019.10.21-03.17.42:955][  0]LogTextLocalizationManager: No specific localization for 'en-US' exists, so the 'en' localization will be used.
[2019.10.21-03.17.43:159][  0]LogInit: Setting process to per monitor DPI aware
[2019.10.21-03.17.43:217][  0]LogSlate: New Slate User Created.  User Index 0, Is Virtual User: 0
[2019.10.21-03.17.43:218][  0]LogSlate: Slate User Registered.  User Index 0, Is Virtual User: 0
[2019.10.21-03.17.46:313][  0]LogD3D11RHI: D3D11 adapters:
[2019.10.21-03.17.46:425][  0]LogD3D11RHI:    0. 'NVIDIA GeForce GTX 1070' (Feature Level 11_0)
[2019.10.21-03.17.46:425][  0]LogD3D11RHI:       8088/0/8162 MB DedicatedVideo/DedicatedSystem/SharedSystem, Outputs:2, VendorId:0x10de
[2019.10.21-03.17.46:428][  0]LogD3D11RHI:    1. 'Microsoft Basic Render Driver' (Feature Level 11_0)
[2019.10.21-03.17.46:428][  0]LogD3D11RHI:       0/0/8162 MB DedicatedVideo/DedicatedSystem/SharedSystem, Outputs:0, VendorId:0x1414
[2019.10.21-03.17.46:428][  0]LogD3D11RHI: Chosen D3D11 Adapter: 0
[2019.10.21-03.17.46:438][  0]LogD3D11RHI: Creating new Direct3DDevice
[2019.10.21-03.17.46:438][  0]LogD3D11RHI:     GPU DeviceId: 0x1b81 (for the marketing name, search the web for "GPU Device Id")
[2019.10.21-03.17.46:439][  0]LogWindows: EnumDisplayDevices:
[2019.10.21-03.17.46:439][  0]LogWindows:    0. 'NVIDIA GeForce GTX 1070' (P:0 D:1)
[2019.10.21-03.17.46:439][  0]LogWindows:    1. 'NVIDIA GeForce GTX 1070' (P:1 D:1)
[2019.10.21-03.17.46:440][  0]LogWindows:    2. 'NVIDIA GeForce GTX 1070' (P:0 D:0)
[2019.10.21-03.17.46:440][  0]LogWindows:    3. 'NVIDIA GeForce GTX 1070' (P:0 D:0)
[2019.10.21-03.17.46:441][  0]LogWindows: DebugString: FoundDriverCount:4 
[2019.10.21-03.17.46:441][  0]LogD3D11RHI:     Adapter Name: NVIDIA GeForce GTX 1070
[2019.10.21-03.17.46:441][  0]LogD3D11RHI:   Driver Version: 417.01 (internal:25.21.14.1701, unified:417.01)
[2019.10.21-03.17.46:441][  0]LogD3D11RHI:      Driver Date: 11-15-2018
[2019.10.21-03.17.46:441][  0]LogRHI: Texture pool is 5661 MB (70% of 8088 MB)
[2019.10.21-03.17.46:511][  0]LogD3D11RHI: Async texture creation enabled
[2019.10.21-03.17.46:536][  0]LogD3D11RHI: GPU Timing Frequency: 1000.000000 (Debug: 2 2)
[2019.10.21-03.17.47:347][  0]LogTemp: Display: Module 'AllDesktopTargetPlatform' loaded TargetPlatform 'AllDesktop'
[2019.10.21-03.17.47:360][  0]LogTemp: Display: Module 'MacClientTargetPlatform' loaded TargetPlatform 'MacClient'
[2019.10.21-03.17.47:374][  0]LogTemp: Display: Module 'MacNoEditorTargetPlatform' loaded TargetPlatform 'MacNoEditor'
[2019.10.21-03.17.47:387][  0]LogTemp: Display: Module 'MacServerTargetPlatform' loaded TargetPlatform 'MacServer'
[2019.10.21-03.17.47:400][  0]LogTemp: Display: Module 'MacTargetPlatform' loaded TargetPlatform 'Mac'
[2019.10.21-03.17.47:414][  0]LogTemp: Display: Module 'WindowsClientTargetPlatform' loaded TargetPlatform 'WindowsClient'
[2019.10.21-03.17.47:428][  0]LogTemp: Display: Module 'WindowsNoEditorTargetPlatform' loaded TargetPlatform 'WindowsNoEditor'
[2019.10.21-03.17.47:442][  0]LogTemp: Display: Module 'WindowsServerTargetPlatform' loaded TargetPlatform 'WindowsServer'
[2019.10.21-03.17.47:449][  0]LogTemp: Display: Module 'WindowsTargetPlatform' loaded TargetPlatform 'Windows'
[2019.10.21-03.17.47:502][  0]LogTemp: Display: Module 'AndroidTargetPlatform' loaded TargetPlatform 'Android'
[2019.10.21-03.17.47:502][  0]LogTemp: Display: Module 'AndroidTargetPlatform' loaded TargetPlatform 'Android_ASTC'
[2019.10.21-03.17.47:502][  0]LogTemp: Display: Module 'AndroidTargetPlatform' loaded TargetPlatform 'Android_ATC'
[2019.10.21-03.17.47:502][  0]LogTemp: Display: Module 'AndroidTargetPlatform' loaded TargetPlatform 'Android_DXT'
[2019.10.21-03.17.47:502][  0]LogTemp: Display: Module 'AndroidTargetPlatform' loaded TargetPlatform 'Android_ETC1'
[2019.10.21-03.17.47:502][  0]LogTemp: Display: Module 'AndroidTargetPlatform' loaded TargetPlatform 'Android_ETC1a'
[2019.10.21-03.17.47:502][  0]LogTemp: Display: Module 'AndroidTargetPlatform' loaded TargetPlatform 'Android_ETC2'
[2019.10.21-03.17.47:502][  0]LogTemp: Display: Module 'AndroidTargetPlatform' loaded TargetPlatform 'Android_PVRTC'
[2019.10.21-03.17.47:503][  0]LogTemp: Display: Module 'AndroidTargetPlatform' loaded TargetPlatform 'AndroidClient'
[2019.10.21-03.17.47:503][  0]LogTemp: Display: Module 'AndroidTargetPlatform' loaded TargetPlatform 'Android_ASTCClient'
[2019.10.21-03.17.47:503][  0]LogTemp: Display: Module 'AndroidTargetPlatform' loaded TargetPlatform 'Android_ATCClient'
[2019.10.21-03.17.47:503][  0]LogTemp: Display: Module 'AndroidTargetPlatform' loaded TargetPlatform 'Android_DXTClient'
[2019.10.21-03.17.47:503][  0]LogTemp: Display: Module 'AndroidTargetPlatform' loaded TargetPlatform 'Android_ETC1Client'
[2019.10.21-03.17.47:503][  0]LogTemp: Display: Module 'AndroidTargetPlatform' loaded TargetPlatform 'Android_ETC1aClient'
[2019.10.21-03.17.47:503][  0]LogTemp: Display: Module 'AndroidTargetPlatform' loaded TargetPlatform 'Android_ETC2Client'
[2019.10.21-03.17.47:503][  0]LogTemp: Display: Module 'AndroidTargetPlatform' loaded TargetPlatform 'Android_PVRTCClient'
[2019.10.21-03.17.47:503][  0]LogTemp: Display: Module 'AndroidTargetPlatform' loaded TargetPlatform 'Android_Multi'
[2019.10.21-03.17.47:503][  0]LogTemp: Display: Module 'AndroidTargetPlatform' loaded TargetPlatform 'Android_MultiClient'
[2019.10.21-03.17.47:505][  0]LogTemp: Display: Module 'HTML5TargetPlatform' loaded TargetPlatform 'HTML5'
[2019.10.21-03.17.47:530][  0]LogTemp: Display: Module 'IOSTargetPlatform' loaded TargetPlatform 'IOSClient'
[2019.10.21-03.17.47:530][  0]LogTemp: Display: Module 'IOSTargetPlatform' loaded TargetPlatform 'IOS'
[2019.10.21-03.17.47:551][  0]LogTemp: Display: Module 'TVOSTargetPlatform' loaded TargetPlatform 'TVOSClient'
[2019.10.21-03.17.47:551][  0]LogTemp: Display: Module 'TVOSTargetPlatform' loaded TargetPlatform 'TVOS'
[2019.10.21-03.17.47:562][  0]LogTemp: Display: Module 'LinuxClientTargetPlatform' loaded TargetPlatform 'LinuxClient'
[2019.10.21-03.17.47:573][  0]LogTemp: Display: Module 'LinuxNoEditorTargetPlatform' loaded TargetPlatform 'LinuxNoEditor'
[2019.10.21-03.17.47:584][  0]LogTemp: Display: Module 'LinuxServerTargetPlatform' loaded TargetPlatform 'LinuxServer'
[2019.10.21-03.17.47:596][  0]LogTemp: Display: Module 'LinuxTargetPlatform' loaded TargetPlatform 'Linux'
[2019.10.21-03.17.47:632][  0]LogTemp: Display: Module 'LuminTargetPlatform' loaded TargetPlatform 'Lumin'
[2019.10.21-03.17.47:633][  0]LogTemp: Display: Module 'LuminTargetPlatform' loaded TargetPlatform 'LuminClient'
[2019.10.21-03.17.47:633][  0]LogTargetPlatformManager: Display: Building Assets For Windows
[2019.10.21-03.17.47:646][  0]LogAudioDebug: Display: Lib vorbis DLL was dynamically loaded.
[2019.10.21-03.17.47:717][  0]LogShaderCompilers: Guid format shader working directory is -15 characters bigger than the processId version (../../../../../../C drive/Documents/Github/GameJam3/GameJam3/Intermediate/Shaders/WorkingDirectory/22312/).
[2019.10.21-03.17.47:717][  0]LogShaderCompilers: Cleaned the shader compiler working directory 'C:/Users/Owner/AppData/Local/Temp/UnrealShaderWorkingDir/15613450461F2CEE2D8C3FA17777314F/'.
[2019.10.21-03.17.47:721][  0]LogXGEController: Cleaning working directory: C:/Users/Owner/AppData/Local/Temp/UnrealXGEWorkingDir/
[2019.10.21-03.17.47:722][  0]LogXGEController: Cannot use XGE Controller as Incredibuild is not installed on this machine.
[2019.10.21-03.17.47:722][  0]LogShaderCompilers: Cannot use XGE Shader Compiler as Incredibuild is not installed on this machine.
[2019.10.21-03.17.47:722][  0]LogShaderCompilers: Display: Using Local Shader Compiler.
[2019.10.21-03.17.48:758][  0]LogDerivedDataCache: Display: Max Cache Size: 512 MB
[2019.10.21-03.17.48:842][  0]LogDerivedDataCache: Loaded boot cache 0.08s 73MB C:/Users/Owner/AppData/Local/UnrealEngine/4.23/DerivedDataCache/Boot.ddc.
[2019.10.21-03.17.48:842][  0]LogDerivedDataCache: Display: Loaded Boot cache: C:/Users/Owner/AppData/Local/UnrealEngine/4.23/DerivedDataCache/Boot.ddc
[2019.10.21-03.17.48:843][  0]LogDerivedDataCache: FDerivedDataBackendGraph:  Pak pak cache file ../../../../../../C drive/Documents/Github/GameJam3/GameJam3/DerivedDataCache/DDC.ddp not found, will not use a pak cache.
[2019.10.21-03.17.48:843][  0]LogDerivedDataCache: Unable to find inner node Pak for hierarchical cache Hierarchy.
[2019.10.21-03.17.48:843][  0]LogDerivedDataCache: FDerivedDataBackendGraph:  CompressedPak pak cache file ../../../../../../C drive/Documents/Github/GameJam3/GameJam3/DerivedDataCache/Compressed.ddp not found, will not use a pak cache.
[2019.10.21-03.17.48:843][  0]LogDerivedDataCache: Unable to find inner node CompressedPak for hierarchical cache Hierarchy.
[2019.10.21-03.17.48:856][  0]LogDerivedDataCache: Display: Pak cache opened for reading ../../../Engine/DerivedDataCache/Compressed.ddp.
[2019.10.21-03.17.48:856][  0]LogDerivedDataCache: FDerivedDataBackendGraph:  EnterprisePak pak cache file ../../../Enterprise/DerivedDataCache/Compressed.ddp not found, will not use a pak cache.
[2019.10.21-03.17.48:856][  0]LogDerivedDataCache: Unable to find inner node EnterprisePak for hierarchical cache Hierarchy.
[2019.10.21-03.17.48:858][  0]LogDerivedDataCache: Using Local data cache path C:/Users/Owner/AppData/Local/UnrealEngine/Common/DerivedDataCache: Writable
[2019.10.21-03.17.48:858][  0]LogDerivedDataCache: Shared data cache path not found in *engine.ini, will not use an Shared cache.
[2019.10.21-03.17.48:858][  0]LogDerivedDataCache: Unable to find inner node Shared for hierarchical cache Hierarchy.
[2019.10.21-03.17.48:895][  0]LogMaterial: Verifying Global Shaders for PCD3D_SM5
[2019.10.21-03.17.48:899][  0]LogSlate: Using FreeType 2.6.0
[2019.10.21-03.17.48:900][  0]LogSlate: SlateFontServices - WITH_FREETYPE: 1, WITH_HARFBUZZ: 1
[2019.10.21-03.17.48:971][  0]LogAssetRegistry: FAssetRegistry took 0.0035 seconds to start up
[2019.10.21-03.17.49:390][  0]LogInit: Selected Device Profile: [Windows]
[2019.10.21-03.17.49:600][  0]LogMeshReduction: Using QuadricMeshReduction for automatic static mesh reduction
[2019.10.21-03.17.49:600][  0]LogMeshReduction: Using SimplygonMeshReduction for automatic skeletal mesh reduction
[2019.10.21-03.17.49:600][  0]LogMeshReduction: Using ProxyLODMeshReduction for automatic mesh merging
[2019.10.21-03.17.49:600][  0]LogMeshReduction: No distributed automatic mesh merging module available
[2019.10.21-03.17.49:600][  0]LogMeshMerging: No distributed automatic mesh merging module available
[2019.10.21-03.17.49:620][  0]LogNetVersion: GameJam3 1.0.0, NetCL: 8386587, EngineNetVer: 11, GameNetVer: 0 (Checksum: 1921913619)
[2019.10.21-03.17.50:288][  0]LogPackageLocalizationCache: Processed 12 localized package path(s) for 1 prioritized culture(s) in 0.070892 seconds
[2019.10.21-03.17.50:304][  0]LogUObjectArray: 43444 objects as part of root set at end of initial load.
[2019.10.21-03.17.50:305][  0]LogUObjectAllocator: 7548648 out of 0 bytes used by permanent object pool.
[2019.10.21-03.17.50:305][  0]LogUObjectArray: CloseDisregardForGC: 0/0 objects in disregard for GC pool
[2019.10.21-03.17.51:425][  0]LogTcpMessaging: Initializing TcpMessaging bridge
[2019.10.21-03.17.51:429][  0]LogUdpMessaging: Initializing bridge on interface 0.0.0.0:0 to multicast group 230.0.0.1:6666.
[2019.10.21-03.17.51:512][  0]SourceControl: Source control is disabled
[2019.10.21-03.17.51:512][  0]SourceControl: Source control is disabled
[2019.10.21-03.17.51:514][  0]SourceControl: Source control is disabled
[2019.10.21-03.17.51:516][  0]SourceControl: Source control is disabled
[2019.10.21-03.17.51:625][  0]LogAndroidPermission: UAndroidPermissionCallbackProxy::GetInstance
[2019.10.21-03.17.51:943][  0]LogOcInput: OculusInput pre-init called
[2019.10.21-03.17.51:950][  0]LogWindows: Failed to load 'OVRPlugin.dll' (GetLastError=126)
[2019.10.21-03.17.51:951][  0]LogWindows: File 'OVRPlugin.dll' does not exist
[2019.10.21-03.17.52:044][  0]LogEngine: Initializing Engine...
[2019.10.21-03.17.52:045][  0]LogHMD: SteamVR initialized.  Driver: lighthouse  Display: LHR-BFE5A360
[2019.10.21-03.17.52:046][  0]LogStats: UGameplayTagsManager::InitializeManager -  0.000 s
[2019.10.21-03.17.52:329][  0]LogInit: Initializing FReadOnlyCVARCache
[2019.10.21-03.17.52:349][  0]LogAIModule: Creating AISystem for world Untitled
[2019.10.21-03.17.52:478][  0]LogInit: XAudio2 using 'Speakers (High Definition Audio Device)' : 2 channels at 44.1 kHz using 16 bits per sample (channel mask 0x3)
[2019.10.21-03.17.52:499][  0]LogInit: FAudioDevice initialized.
[2019.10.21-03.17.52:500][  0]LogNetVersion: Set ProjectVersion to 1.0.0.0. Version Checksum will be recalculated on next use.
[2019.10.21-03.17.52:755][  0]LogDerivedDataCache: Saved boot cache 0.26s 73MB C:/Users/Owner/AppData/Local/UnrealEngine/4.23/DerivedDataCache/Boot.ddc.
[2019.10.21-03.17.52:762][  0]LogInit: Texture streaming: Enabled
[2019.10.21-03.17.52:787][  0]LogEngineSessionManager: EngineSessionManager initialized
[2019.10.21-03.17.52:882][  0]LogInit: Transaction tracking system initialized
[2019.10.21-03.17.52:925][  0]BlueprintLog: New page: Editor Load
[2019.10.21-03.17.53:026][  0]LocalizationService: Localization service is disabled
[2019.10.21-03.17.53:331][  0]LogFileCache: Scanning file cache for directory 'F:/C drive/Documents/Github/GameJam3/GameJam3/Content/' took 0.00s
[2019.10.21-03.17.53:331][  0]LogCook: Display: Max memory allowance for cook 16384mb min free memory 0mb
[2019.10.21-03.17.53:331][  0]LogCook: Display: Mobile HDR setting 1
[2019.10.21-03.17.53:590][  0]SourceControl: Source control is disabled
[2019.10.21-03.17.53:590][  0]Cmd: MAP LOAD FILE="../../../Engine/Content/Maps/Templates/Template_Default.umap" TEMPLATE=1 SHOWPROGRESS=1 FEATURELEVEL=3
[2019.10.21-03.17.53:590][  0]LightingResults: New page: Lighting Build
[2019.10.21-03.17.53:595][  0]LogWorld: UWorld::CleanupWorld for Untitled, bSessionEnded=true, bCleanupResources=true
[2019.10.21-03.17.53:595][  0]MapCheck: New page: Map Check
[2019.10.21-03.17.53:595][  0]LightingResults: New page: Lighting Build
[2019.10.21-03.17.53:627][  0]LogUObjectHash: Compacting FUObjectHashTables data took   2.70ms
[2019.10.21-03.17.53:741][  0]LogAIModule: Creating AISystem for world Untitled_1
[2019.10.21-03.17.53:747][  0]LogEditorServer: Finished looking for orphan Actors (0.000 secs)
[2019.10.21-03.17.53:776][  0]LogUObjectHash: Compacting FUObjectHashTables data took   2.82ms
[2019.10.21-03.17.53:776][  0]Cmd: MAP CHECKDEP NOCLEARLOG
[2019.10.21-03.17.53:776][  0]MapCheck: Map check complete: 0 Error(s), 0 Warning(s), took 0.107ms to complete.
[2019.10.21-03.17.53:776][  0]LogFileHelpers: Loading map 'Template_Default' took 0.186
[2019.10.21-03.17.53:922][  0]LogSlate: Updating window title bar state: overlay mode, drag disabled, window buttons hidden, title bar hidden
[2019.10.21-03.17.53:933][  0]LogSlate: Updating window title bar state: overlay mode, drag disabled, window buttons hidden, title bar hidden
[2019.10.21-03.17.53:944][  0]LogSlate: Updating window title bar state: overlay mode, drag disabled, window buttons hidden, title bar hidden
[2019.10.21-03.17.53:954][  0]LogSlate: Updating window title bar state: overlay mode, drag disabled, window buttons hidden, title bar hidden
[2019.10.21-03.17.53:962][  0]LogCollectionManager: Loaded 0 collections in 0.002060 seconds
[2019.10.21-03.17.53:970][  0]LogFileCache: Scanning file cache for directory 'F:/C drive/Documents/Github/GameJam3/GameJam3/Saved/Collections/' took 0.00s
[2019.10.21-03.17.53:970][  0]LogFileCache: Scanning file cache for directory 'F:/C drive/Documents/Github/GameJam3/GameJam3/Content/Developers/Owner/Collections/' took 0.00s
[2019.10.21-03.17.53:970][  0]LogFileCache: Scanning file cache for directory 'F:/C drive/Documents/Github/GameJam3/GameJam3/Content/Collections/' took 0.00s
[2019.10.21-03.17.53:970][  0]LogCollectionManager: Rebuilt the GUID cache for 0 collections in 0.000002 seconds
[2019.10.21-03.17.53:980][  0]LogContentBrowser: Native class hierarchy populated in 0.0098 seconds. Added 2872 classes and 685 folders.
[2019.10.21-03.17.53:991][  0]LogContentBrowser: Native class hierarchy updated for 'WidgetCarousel' in 0.0003 seconds. Added 0 classes and 0 folders.
[2019.10.21-03.17.54:033][  0]LogContentBrowser: Native class hierarchy updated for 'AddContentDialog' in 0.0003 seconds. Added 0 classes and 0 folders.
[2019.10.21-03.17.54:040][  0]LogContentBrowser: Native class hierarchy updated for 'SceneOutliner' in 0.0003 seconds. Added 1 classes and 2 folders.
[2019.10.21-03.17.54:125][  0]LogSlate: Took 0.000218 seconds to synchronously load lazily loaded font '../../../Engine/Content/Slate/Fonts/Roboto-Regular.ttf' (155K)
[2019.10.21-03.17.54:127][  0]LogSlate: Took 0.000158 seconds to synchronously load lazily loaded font '../../../Engine/Content/Slate/Fonts/Roboto-Bold.ttf' (160K)
[2019.10.21-03.17.54:133][  0]LogSlate: Took 0.000215 seconds to synchronously load lazily loaded font '../../../Engine/Content/Editor/Slate/Fonts/FontAwesome.ttf' (139K)
[2019.10.21-03.17.54:219][  0]LogRenderer: Reallocating scene render targets to support 1072x632 Format 10 NumSamples 1 (Frame:1).
[2019.10.21-03.17.54:392][  0]LogContentBrowser: Native class hierarchy updated for 'HierarchicalLODOutliner' in 0.0003 seconds. Added 0 classes and 0 folders.
[2019.10.21-03.17.54:392][  0]LogLoad: (Engine Initialization) Total time: 12.58 seconds
[2019.10.21-03.17.54:392][  0]LogLoad: (Engine Initialization) Total Blueprint compile time: 0.00 seconds
[2019.10.21-03.17.54:424][  0]LogContentStreaming: Texture pool size now 1000 MB
[2019.10.21-03.17.54:688][ 21]LogSlate: Took 0.000173 seconds to synchronously load lazily loaded font '../../../Engine/Content/Slate/Fonts/Roboto-Light.ttf' (167K)
[2019.10.21-03.17.55:430][ 84]LogSlate: Took 0.000188 seconds to synchronously load lazily loaded font '../../../Engine/Content/Slate/Fonts/Roboto-Light.ttf' (167K)
[2019.10.21-03.17.57:643][322]LogHMD: SteamVR Shutting down.
[2019.10.21-03.18.15:270][214]LogAssetRegistry: Asset discovery search completed in 26.2997 seconds
[2019.10.21-03.18.15:275][214]LogCollectionManager: Rebuilt the object cache for 0 collections in 0.000008 seconds (found 0 objects)
[2019.10.21-03.18.15:275][214]LogCollectionManager: Fixed up redirectors for 0 collections in 0.000080 seconds (updated 0 objects)
[2019.10.21-04.26.47:106][ 21]LogSlate: FSceneViewport::OnFocusLost() reason 0
[2019.10.21-04.26.48:956][175]LogMaterial: Display: Missing cached shader map for material Black, compiling. 
[2019.10.21-04.26.49:080][175]LogStaticMesh: Building static mesh Destructable...
[2019.10.21-04.26.49:299][175]LogShaderCompilers: Display: Worker (1/5): shaders left to compile 60
[2019.10.21-04.26.49:299][175]LogShaderCompilers: Display: Worker (2/5): shaders left to compile 50
[2019.10.21-04.26.49:299][175]LogShaderCompilers: Display: Worker (3/5): shaders left to compile 40
[2019.10.21-04.26.49:299][175]LogShaderCompilers: Display: Worker (4/5): shaders left to compile 30
[2019.10.21-04.26.49:299][175]LogStaticMesh: Built static mesh [0.22s] /Game/BluePrints/Destructable.Destructable
[2019.10.21-04.26.49:355][175]LogSkeletalMesh: Building Skeletal Mesh Destructable_DM...
[2019.10.21-04.26.49:369][175]LogSkeletalMesh: Built Skeletal Mesh [0.01s] /Game/BluePrints/Destructable_DM.Destructable_DM
[2019.10.21-04.26.49:371][175]LogStaticMesh: Building static mesh EntryPipe...
[2019.10.21-04.26.49:460][175]LogStaticMesh: Built static mesh [0.09s] /Game/Art/EntryPipe.EntryPipe
[2019.10.21-04.26.49:462][175]LogStaticMesh: Building static mesh GlassWall...
[2019.10.21-04.26.49:589][175]LogStaticMesh: Built static mesh [0.13s] /Game/Art/GlassWall.GlassWall
[2019.10.21-04.26.49:615][175]LogAIModule: Creating AISystem for world VRTest
[2019.10.21-04.26.49:626][175]LogAssetEditorManager: Opening Asset editor for World /Game/Levels/VRTest.VRTest
[2019.10.21-04.26.49:655][175]LogUObjectHash: Compacting FUObjectHashTables data took   3.99ms
[2019.10.21-04.26.49:657][175]Cmd: MAP LOAD FILE="../../../../../../C drive/Documents/Github/GameJam3/GameJam3/Content/Levels/VRTest.umap" TEMPLATE=0 SHOWPROGRESS=1 FEATURELEVEL=3
[2019.10.21-04.26.49:657][175]LightingResults: New page: Lighting Build
[2019.10.21-04.26.49:658][175]LoadErrors: New page: Loading map: VRTest.umap
[2019.10.21-04.26.49:659][175]LogWorld: UWorld::CleanupWorld for Untitled_1, bSessionEnded=true, bCleanupResources=true
[2019.10.21-04.26.49:659][175]MapCheck: New page: Map Check
[2019.10.21-04.26.49:659][175]LightingResults: New page: Lighting Build
[2019.10.21-04.26.49:684][175]LogUObjectHash: Compacting FUObjectHashTables data took   2.16ms
[2019.10.21-04.26.49:775][175]LogEditorServer: Finished looking for orphan Actors (0.000 secs)
[2019.10.21-04.26.49:804][175]LogUObjectHash: Compacting FUObjectHashTables data took   1.77ms
[2019.10.21-04.26.49:845][175]Cmd: MAP CHECKDEP NOCLEARLOG
[2019.10.21-04.26.49:847][175]MapCheck: Map check complete: 0 Error(s), 0 Warning(s), took 1.82ms to complete.
[2019.10.21-04.26.49:847][175]LogFileHelpers: Loading map 'VRTest' took 0.192
[2019.10.21-04.26.56:014][689]LogShaderCompilers: Display: Worker (1/5): shaders left to compile 20
[2019.10.21-04.26.56:974][775]LogShaderCompilers: Display: Worker (3/5): shaders left to compile 14
[2019.10.21-04.26.58:113][822]LogShaderCompilers: Display: Worker (4/5): shaders left to compile 10
[2019.10.21-04.26.58:717][856]LogShaderCompilers: Display: Worker (1/5): shaders left to compile 7
[2019.10.21-04.26.59:778][920]LogShaderCompilers: Display: Worker (3/5): shaders left to compile 5
[2019.10.21-04.27.00:096][938]LogShaderCompilers: Display: Worker (4/5): shaders left to compile 3
[2019.10.21-04.27.00:112][939]LogShaderCompilers: Display: Worker (2/5): shaders left to compile 2
[2019.10.21-04.27.00:387][958]LogShaderCompilers: Display: Worker (1/5): shaders left to compile 1
[2019.10.21-04.27.13:351][421]LogUObjectHash: Compacting FUObjectHashTables data took   2.05ms
[2019.10.21-04.27.13:635][421]LogAIModule: Creating AISystem for world Box3
[2019.10.21-04.36.48:604][267]LogUObjectHash: Compacting FUObjectHashTables data took   2.28ms
[2019.10.21-04.36.48:604][267]LogFileHelpers: Editor autosave (incl. sublevels) for '/Game/Levels/VRTest' took 0.025
[2019.10.21-04.46.49:111][913]LogUObjectHash: Compacting FUObjectHashTables data took   0.79ms
[2019.10.21-04.46.49:111][913]LogFileHelpers: Editor autosave (incl. sublevels) for '/Game/Levels/VRTest' took 0.024
[2019.10.21-04.56.49:535][712]LogUObjectHash: Compacting FUObjectHashTables data took   0.77ms
[2019.10.21-04.56.49:535][712]LogFileHelpers: Editor autosave (incl. sublevels) for '/Game/Levels/VRTest' took 0.025
[2019.10.21-05.06.49:905][511]LogUObjectHash: Compacting FUObjectHashTables data took   1.25ms
[2019.10.21-05.06.49:905][511]LogFileHelpers: Editor autosave (incl. sublevels) for '/Game/Levels/VRTest' took 0.024
[2019.10.21-05.17.00:175][760]LogUObjectHash: Compacting FUObjectHashTables data took   0.79ms
[2019.10.21-05.17.00:175][760]LogFileHelpers: Editor autosave (incl. sublevels) for '/Game/Levels/VRTest' took 0.021
[2019.10.21-05.27.00:570][944]LogUObjectHash: Compacting FUObjectHashTables data took   1.01ms
[2019.10.21-05.27.00:570][944]LogFileHelpers: Editor autosave (incl. sublevels) for '/Game/Levels/VRTest' took 0.027
[2019.10.21-05.37.00:979][740]LogUObjectHash: Compacting FUObjectHashTables data took   1.00ms
[2019.10.21-05.37.00:979][740]LogFileHelpers: Editor autosave (incl. sublevels) for '/Game/Levels/VRTest' took 0.026
[2019.10.21-05.47.01:540][536]LogUObjectHash: Compacting FUObjectHashTables data took   0.82ms
[2019.10.21-05.47.01:540][536]LogFileHelpers: Editor autosave (incl. sublevels) for '/Game/Levels/VRTest' took 0.026
[2019.10.21-05.57.02:003][333]LogUObjectHash: Compacting FUObjectHashTables data took   0.83ms
[2019.10.21-05.57.02:003][333]LogFileHelpers: Editor autosave (incl. sublevels) for '/Game/Levels/VRTest' took 0.026
[2019.10.21-06.07.02:627][130]LogUObjectHash: Compacting FUObjectHashTables data took   0.74ms
[2019.10.21-06.07.02:627][130]LogFileHelpers: Editor autosave (incl. sublevels) for '/Game/Levels/VRTest' took 0.025
[2019.10.21-06.17.03:178][927]LogUObjectHash: Compacting FUObjectHashTables data took   0.80ms
[2019.10.21-06.17.03:178][927]LogFileHelpers: Editor autosave (incl. sublevels) for '/Game/Levels/VRTest' took 0.024
[2019.10.21-06.27.03:954][722]LogUObjectHash: Compacting FUObjectHashTables data took   0.85ms
[2019.10.21-06.27.03:954][722]LogFileHelpers: Editor autosave (incl. sublevels) for '/Game/Levels/VRTest' took 0.030
[2019.10.21-06.32.56:281][940]LogAssetEditorManager: Opening Asset editor for Blueprint /Game/BluePrints/Ball.Ball
[2019.10.21-06.32.56:608][940]LogContentBrowser: Native class hierarchy updated for 'BlueprintGraph' in 0.0017 seconds. Added 121 classes and 0 folders.
[2019.10.21-06.32.57:787][940]LogSlate: Took 0.000236 seconds to synchronously load lazily loaded font '../../../Engine/Content/Slate/Fonts/Roboto-BoldCondensed.ttf' (158K)
[2019.10.21-06.33.36:276][606]LogSlate: Window 'Pick Parent Class' being destroyed
[2019.10.21-06.33.37:412][698]LogAssetEditorManager: Opening Asset editor for Blueprint /Game/BluePrints/NewBlueprint.NewBlueprint
[2019.10.21-06.33.37:864][698]LogRenderer: Reallocating scene render targets to support 1144x712 Format 10 NumSamples 1 (Frame:1).
[2019.10.21-06.33.47:454][588]LogSlate: Window 'NewBlueprint' being destroyed
[2019.10.21-06.33.47:496][588]LogWorld: UWorld::CleanupWorld for World_5, bSessionEnded=true, bCleanupResources=true
[2019.10.21-06.33.49:949][799]LogUObjectHash: Compacting FUObjectHashTables data took   3.97ms
[2019.10.21-06.33.51:124][799]LogSlate: Window 'Delete Assets' being destroyed
[2019.10.21-06.33.51:274][799]LogUObjectHash: Compacting FUObjectHashTables data took   3.17ms
[2019.10.21-06.35.22:150][716]LogSlate: Took 0.000186 seconds to synchronously load lazily loaded font '../../../Engine/Content/Slate/Fonts/Roboto-Italic.ttf' (157K)
[2019.10.21-06.37.04:493][104]LogUObjectHash: Compacting FUObjectHashTables data took   5.11ms
[2019.10.21-06.37.04:941][104]LogSavePackage: Moving '../../../../../../C drive/Documents/Github/GameJam3/GameJam3/Saved/VRTest_Auto1942693204FBAC6288F4C28B843EECF2B.tmp' to '../../../../../../C drive/Documents/Github/GameJam3/GameJam3/Saved/Autosaves/Game/Levels/VRTest_Auto1.umap'
[2019.10.21-06.37.04:985][104]LogFileHelpers: Editor autosave (incl. sublevels) for '/Game/Levels/VRTest' took 0.583
[2019.10.21-06.37.04:985][104]LogFileHelpers: Editor autosave (incl. sublevels) for all levels took 0.583
[2019.10.21-06.37.04:987][104]OBJ SavePackage: Generating thumbnails for [1] asset(s) in package [/Game/BluePrints/Ball] ([1] browsable assets)...
[2019.10.21-06.37.05:028][104]OBJ SavePackage:     Rendered thumbnail for [Blueprint /Game/BluePrints/Ball.Ball]
[2019.10.21-06.37.05:028][104]OBJ SavePackage: Finished generating thumbnails for package [/Game/BluePrints/Ball]
[2019.10.21-06.37.05:028][104]Cmd: OBJ SAVEPACKAGE PACKAGE="/Game/BluePrints/Ball" FILE="../../../../../../C drive/Documents/Github/GameJam3/GameJam3/Saved/Autosaves/Game/BluePrints/Ball_Auto1.uasset" SILENT=false AUTOSAVING=true
[2019.10.21-06.37.05:062][104]LogSavePackage: Moving '../../../../../../C drive/Documents/Github/GameJam3/GameJam3/Saved/Ball_Auto115A1296F419BB63F94FECCA6756547AA.tmp' to '../../../../../../C drive/Documents/Github/GameJam3/GameJam3/Saved/Autosaves/Game/BluePrints/Ball_Auto1.uasset'
[2019.10.21-06.37.05:063][104]LogFileHelpers: Auto-saving content packages took 0.076
[2019.10.21-06.38.30:789][358]LogAssetEditorManager: Opening Asset editor for Blueprint /Game/Characters/VirtualRealityBP/Blueprints/MotionControllerPawn.MotionControllerPawn
[2019.10.21-06.38.41:369][ 26]LogSlate: Window 'MotionControllerPawn' being destroyed
[2019.10.21-06.38.43:427][255]LogTemp: Repeating last play command: Selected Viewport
[2019.10.21-06.38.43:506][255]LogBlueprintUserMessages: Early PlayInEditor Detection: Level '/Game/Levels/VRTest.VRTest:PersistentLevel' has LevelScriptBlueprint '/Game/Levels/VRTest.VRTest:PersistentLevel.VRTest' with GeneratedClass '/Game/Levels/VRTest.VRTest_C' with ClassGeneratedBy '/Game/Levels/VRTest.VRTest:PersistentLevel.VRTest'
[2019.10.21-06.38.43:523][255]BlueprintLog: New page: Pre-Play auto-recompile
[2019.10.21-06.38.43:524][255]LogPlayLevel: [PlayLevel] Compiling Ball before play...
[2019.10.21-06.38.43:749][255]LogUObjectHash: Compacting FUObjectHashTables data took   4.15ms
[2019.10.21-06.38.43:749][255]LogPlayLevel: PlayLevel: Blueprint regeneration took 225 ms (1 blueprints)
[2019.10.21-06.38.43:791][255]PIE: New page: PIE session: VRTest (Oct 20, 2019, 10:38:43 PM)
[2019.10.21-06.38.43:809][255]LogOnline: OSS: Creating online subsystem instance for: NULL
[2019.10.21-06.38.43:837][255]LogPlayLevel: Creating play world package: /Game/Levels/UEDPIE_0_VRTest
[2019.10.21-06.38.43:842][255]LogPlayLevel: PIE: StaticDuplicateObject took: (0.004227s)
[2019.10.21-06.38.43:851][255]LogAIModule: Creating AISystem for world VRTest
[2019.10.21-06.38.43:864][255]LogPlayLevel: PIE: World Init took: (0.021796s)
[2019.10.21-06.38.43:864][255]LogPlayLevel: PIE: Created PIE world by copying editor world from /Game/Levels/VRTest.VRTest to /Game/Levels/UEDPIE_0_VRTest.VRTest (0.026360s)
[2019.10.21-06.38.43:903][255]LogUObjectHash: Compacting FUObjectHashTables data took   2.75ms
[2019.10.21-06.38.44:025][255]LogInit: XAudio2 using 'Speakers (High Definition Audio Device)' : 2 channels at 44.1 kHz using 16 bits per sample (channel mask 0x3)
[2019.10.21-06.38.44:048][255]LogInit: FAudioDevice initialized.
[2019.10.21-06.38.44:102][255]LogLoad: Game class is 'GameModeBase'
[2019.10.21-06.38.44:486][255]LogWorld: Bringing World /Game/Levels/UEDPIE_0_VRTest.VRTest up for play (max tick rate 0) at 2019.10.21-02.38.44
[2019.10.21-06.38.44:519][255]LogWorld: Bringing up level for play took: 0.196962
[2019.10.21-06.38.44:533][255]LogOnline: OSS: Creating online subsystem instance for: :Context_9
[2019.10.21-06.38.44:638][255]LogContentBrowser: Native class hierarchy updated for 'MovieSceneCapture' in 0.0003 seconds. Added 20 classes and 0 folders.
[2019.10.21-06.38.44:716][255]PIE: Play in editor start time for /Game/Levels/UEDPIE_0_VRTest 0.349
[2019.10.21-06.38.44:716][255]LogBlueprintUserMessages: Late PlayInEditor Detection: Level '/Game/Levels/VRTest.VRTest:PersistentLevel' has LevelScriptBlueprint '/Game/Levels/VRTest.VRTest:PersistentLevel.VRTest' with GeneratedClass '/Game/Levels/VRTest.VRTest_C' with ClassGeneratedBy '/Game/Levels/VRTest.VRTest:PersistentLevel.VRTest'
[2019.10.21-06.39.02:040][190]LogBlueprintUserMessages: Early EndPlayMap Detection: Level '/Game/Levels/VRTest.VRTest:PersistentLevel' has LevelScriptBlueprint '/Game/Levels/VRTest.VRTest:PersistentLevel.VRTest' with GeneratedClass '/Game/Levels/VRTest.VRTest_C' with ClassGeneratedBy '/Game/Levels/VRTest.VRTest:PersistentLevel.VRTest'
[2019.10.21-06.39.02:068][190]LogSlate: Updating window title bar state: overlay mode, drag disabled, window buttons hidden, title bar hidden
[2019.10.21-06.39.02:068][190]LogWorld: BeginTearingDown for /Game/Levels/UEDPIE_0_VRTest
[2019.10.21-06.39.02:068][190]LogWorld: UWorld::CleanupWorld for VRTest, bSessionEnded=true, bCleanupResources=true
[2019.10.21-06.39.02:112][190]LogPlayLevel: Display: Shutting down PIE online subsystems
[2019.10.21-06.39.02:112][190]LogBlueprintUserMessages: Late EndPlayMap Detection: Level '/Game/Levels/VRTest.VRTest:PersistentLevel' has LevelScriptBlueprint '/Game/Levels/VRTest.VRTest:PersistentLevel.VRTest' with GeneratedClass '/Game/Levels/VRTest.VRTest_C' with ClassGeneratedBy '/Game/Levels/VRTest.VRTest:PersistentLevel.VRTest'
[2019.10.21-06.39.02:173][190]LogSlate: Updating window title bar state: overlay mode, drag disabled, window buttons hidden, title bar hidden
[2019.10.21-06.39.02:204][190]LogUObjectHash: Compacting FUObjectHashTables data took   4.66ms
[2019.10.21-06.39.02:218][191]LogPlayLevel: Display: Destroying online subsystem :Context_9
[2019.10.21-06.39.14:197][551]LogLinker: Warning: While loading '../../../../../../C drive/Documents/Github/GameJam3/GameJam3/Content/Characters/VirtualRealityBP/Blueprints/HMDLocomotionPawn.uasset' failed to load '/Game/VirtualReality/Materials/M_ArcEndpoint': Can't find file.
[2019.10.21-06.39.14:198][551]LogLinker: Warning: While loading '../../../../../../C drive/Documents/Github/GameJam3/GameJam3/Content/Characters/VirtualRealityBP/Blueprints/HMDLocomotionPawn.uasset' failed to load '/Game/VirtualReality/Materials/M_ArcEndpoint': Can't find file.
[2019.10.21-06.39.14:198][551]LogLinker: Warning: While loading '../../../../../../C drive/Documents/Github/GameJam3/GameJam3/Content/Characters/VirtualRealityBP/Blueprints/HMDLocomotionPawn.uasset' failed to load '/Game/VirtualReality/Materials/MI_TeleportCylinderPreview': Can't find file.
[2019.10.21-06.39.14:198][551]LogLinker: Warning: While loading '../../../../../../C drive/Documents/Github/GameJam3/GameJam3/Content/Characters/VirtualRealityBP/Blueprints/HMDLocomotionPawn.uasset' failed to load '/Game/VirtualReality/Materials/MI_TeleportCylinderPreview': Can't find file.
[2019.10.21-06.39.14:198][551]LogLinker: Warning: While loading '../../../../../../C drive/Documents/Github/GameJam3/GameJam3/Content/Characters/VirtualRealityBP/Blueprints/HMDLocomotionPawn.uasset' failed to load '/Game/VirtualReality/Materials/M_ArcEndpoint': Can't find file.
[2019.10.21-06.39.14:198][551]LogLinker: Warning: While loading '../../../../../../C drive/Documents/Github/GameJam3/GameJam3/Content/Characters/VirtualRealityBP/Blueprints/HMDLocomotionPawn.uasset' failed to load '/Game/VirtualReality/Materials/M_ArcEndpoint': Can't find file.
[2019.10.21-06.39.14:198][551]LogLinker: Warning: While loading '../../../../../../C drive/Documents/Github/GameJam3/GameJam3/Content/Characters/VirtualRealityBP/Blueprints/HMDLocomotionPawn.uasset' failed to load '/Game/VirtualReality/Materials/MI_TeleportCylinderPreview': Can't find file.
[2019.10.21-06.39.14:198][551]LogLinker: Warning: While loading '../../../../../../C drive/Documents/Github/GameJam3/GameJam3/Content/Characters/VirtualRealityBP/Blueprints/HMDLocomotionPawn.uasset' failed to load '/Game/VirtualReality/Materials/MI_TeleportCylinderPreview': Can't find file.
[2019.10.21-06.39.14:199][551]LogLinker: Warning: While loading '../../../../../../C drive/Documents/Github/GameJam3/GameJam3/Content/Characters/VirtualRealityBP/Blueprints/HMDLocomotionPawn.uasset' failed to load '/Game/VirtualReality/Meshes/BeaconDirection': Can't find file.
[2019.10.21-06.39.14:199][551]LogLinker: Warning: While loading '../../../../../../C drive/Documents/Github/GameJam3/GameJam3/Content/Characters/VirtualRealityBP/Blueprints/HMDLocomotionPawn.uasset' failed to load '/Game/VirtualReality/Meshes/BeaconDirection': Can't find file.
[2019.10.21-06.39.14:199][551]LogLinker: Warning: While loading '../../../../../../C drive/Documents/Github/GameJam3/GameJam3/Content/Characters/VirtualRealityBP/Blueprints/HMDLocomotionPawn.uasset' failed to load '/Game/VirtualReality/Meshes/SM_FatCylinder': Can't find file.
[2019.10.21-06.39.14:199][551]LogLinker: Warning: While loading '../../../../../../C drive/Documents/Github/GameJam3/GameJam3/Content/Characters/VirtualRealityBP/Blueprints/HMDLocomotionPawn.uasset' failed to load '/Game/VirtualReality/Meshes/SM_FatCylinder': Can't find file.
[2019.10.21-06.39.14:199][551]LogLinker: Warning: While loading '../../../../../../C drive/Documents/Github/GameJam3/GameJam3/Content/Characters/VirtualRealityBP/Blueprints/HMDLocomotionPawn.uasset' failed to load '/Game/VirtualReality/Meshes/BeaconDirection': Can't find file.
[2019.10.21-06.39.14:199][551]LogLinker: Warning: While loading '../../../../../../C drive/Documents/Github/GameJam3/GameJam3/Content/Characters/VirtualRealityBP/Blueprints/HMDLocomotionPawn.uasset' failed to load '/Game/VirtualReality/Meshes/BeaconDirection': Can't find file.
[2019.10.21-06.39.14:199][551]LogLinker: Warning: While loading '../../../../../../C drive/Documents/Github/GameJam3/GameJam3/Content/Characters/VirtualRealityBP/Blueprints/HMDLocomotionPawn.uasset' failed to load '/Game/VirtualReality/Meshes/SM_FatCylinder': Can't find file.
[2019.10.21-06.39.14:200][551]LogLinker: Warning: While loading '../../../../../../C drive/Documents/Github/GameJam3/GameJam3/Content/Characters/VirtualRealityBP/Blueprints/HMDLocomotionPawn.uasset' failed to load '/Game/VirtualReality/Meshes/SM_FatCylinder': Can't find file.
[2019.10.21-06.39.14:202][551]LogLinker: Warning: Failed to load '/Game/VirtualReality/Materials/M_ArcEndpoint': Can't find file.
[2019.10.21-06.39.14:202][551]LogLinker: Warning: Failed to load '/Game/VirtualReality/Materials/M_ArcEndpoint': Can't find file.
[2019.10.21-06.39.14:202][551]LogLinker: Warning: Failed to load '/Game/VirtualReality/Materials/MI_TeleportCylinderPreview': Can't find file.
[2019.10.21-06.39.14:202][551]LogLinker: Warning: Failed to load '/Game/VirtualReality/Materials/MI_TeleportCylinderPreview': Can't find file.
[2019.10.21-06.39.14:202][551]LogLinker: Warning: Failed to load '/Game/VirtualReality/Materials/M_ArcEndpoint': Can't find file.
[2019.10.21-06.39.14:202][551]LogLinker: Warning: Failed to load '/Game/VirtualReality/Materials/M_ArcEndpoint': Can't find file.
[2019.10.21-06.39.14:202][551]LogLinker: Warning: Failed to load '/Game/VirtualReality/Materials/MI_TeleportCylinderPreview': Can't find file.
[2019.10.21-06.39.14:202][551]LogLinker: Warning: Failed to load '/Game/VirtualReality/Materials/MI_TeleportCylinderPreview': Can't find file.
[2019.10.21-06.39.14:202][551]LogLinker: Warning: Failed to load '/Game/VirtualReality/Meshes/BeaconDirection': Can't find file.
[2019.10.21-06.39.14:202][551]LogLinker: Warning: Failed to load '/Game/VirtualReality/Meshes/BeaconDirection': Can't find file.
[2019.10.21-06.39.14:202][551]LogLinker: Warning: Failed to load '/Game/VirtualReality/Meshes/SM_FatCylinder': Can't find file.
[2019.10.21-06.39.14:202][551]LogLinker: Warning: Failed to load '/Game/VirtualReality/Meshes/SM_FatCylinder': Can't find file.
[2019.10.21-06.39.14:202][551]LogLinker: Warning: Failed to load '/Game/VirtualReality/Meshes/BeaconDirection': Can't find file.
[2019.10.21-06.39.14:203][551]LogLinker: Warning: Failed to load '/Game/VirtualReality/Meshes/BeaconDirection': Can't find file.
[2019.10.21-06.39.14:203][551]LogLinker: Warning: Failed to load '/Game/VirtualReality/Meshes/SM_FatCylinder': Can't find file.
[2019.10.21-06.39.14:203][551]LogLinker: Warning: Failed to load '/Game/VirtualReality/Meshes/SM_FatCylinder': Can't find file.
[2019.10.21-06.39.14:214][551]LogLinker: Warning: While loading '../../../../../../C drive/Documents/Github/GameJam3/GameJam3/Content/Characters/VirtualRealityBP/Blueprints/HMDLocomotionPawn.uasset' failed to load '/Game/VirtualReality/Materials/MI_TeleportCylinderPreview': Can't find file.
[2019.10.21-06.39.14:214][551]LoadErrors: Failed to load /Game/VirtualReality/Materials/MI_TeleportCylinderPreview.MI_TeleportCylinderPreview Referenced by TeleportPin_GEN_VARIABLE
[2019.10.21-06.39.14:214][551]LogLinker: Warning: While loading '../../../../../../C drive/Documents/Github/GameJam3/GameJam3/Content/Characters/VirtualRealityBP/Blueprints/HMDLocomotionPawn.uasset' failed to load '/Game/VirtualReality/Materials/MI_TeleportCylinderPreview': Can't find file.
[2019.10.21-06.39.14:214][551]LogLinker: Warning: While loading '../../../../../../C drive/Documents/Github/GameJam3/GameJam3/Content/Characters/VirtualRealityBP/Blueprints/HMDLocomotionPawn.uasset' failed to load '/Game/VirtualReality/Meshes/SM_FatCylinder': Can't find file.
[2019.10.21-06.39.14:214][551]LoadErrors: Failed to load /Game/VirtualReality/Meshes/SM_FatCylinder.SM_FatCylinder Referenced by Ring_GEN_VARIABLE
[2019.10.21-06.39.14:214][551]LogLinker: Warning: While loading '../../../../../../C drive/Documents/Github/GameJam3/GameJam3/Content/Characters/VirtualRealityBP/Blueprints/HMDLocomotionPawn.uasset' failed to load '/Game/VirtualReality/Meshes/SM_FatCylinder': Can't find file.
[2019.10.21-06.39.14:214][551]LogLinker: Warning: While loading '../../../../../../C drive/Documents/Github/GameJam3/GameJam3/Content/Characters/VirtualRealityBP/Blueprints/HMDLocomotionPawn.uasset' failed to load '/Game/VirtualReality/Materials/M_ArcEndpoint': Can't find file.
[2019.10.21-06.39.14:214][551]LoadErrors: Failed to load /Game/VirtualReality/Materials/M_ArcEndpoint.M_ArcEndpoint Referenced by Ring_GEN_VARIABLE
[2019.10.21-06.39.14:215][551]LogLinker: Warning: While loading '../../../../../../C drive/Documents/Github/GameJam3/GameJam3/Content/Characters/VirtualRealityBP/Blueprints/HMDLocomotionPawn.uasset' failed to load '/Game/VirtualReality/Materials/M_ArcEndpoint': Can't find file.
[2019.10.21-06.39.14:215][551]LogLinker: Warning: While loading '../../../../../../C drive/Documents/Github/GameJam3/GameJam3/Content/Characters/VirtualRealityBP/Blueprints/HMDLocomotionPawn.uasset' failed to load '/Game/VirtualReality/Meshes/BeaconDirection': Can't find file.
[2019.10.21-06.39.14:215][551]LoadErrors: Failed to load /Game/VirtualReality/Meshes/BeaconDirection.BeaconDirection Referenced by Arrow_GEN_VARIABLE
[2019.10.21-06.39.14:215][551]LogLinker: Warning: While loading '../../../../../../C drive/Documents/Github/GameJam3/GameJam3/Content/Characters/VirtualRealityBP/Blueprints/HMDLocomotionPawn.uasset' failed to load '/Game/VirtualReality/Meshes/BeaconDirection': Can't find file.
[2019.10.21-06.39.14:215][551]LogLinker: Warning: While loading '../../../../../../C drive/Documents/Github/GameJam3/GameJam3/Content/Characters/VirtualRealityBP/Blueprints/HMDLocomotionPawn.uasset' failed to load '/Game/VirtualReality/Materials/M_ArcEndpoint': Can't find file.
[2019.10.21-06.39.14:215][551]LoadErrors: Failed to load /Game/VirtualReality/Materials/M_ArcEndpoint.M_ArcEndpoint Referenced by Arrow_GEN_VARIABLE
[2019.10.21-06.39.14:215][551]LogLinker: Warning: While loading '../../../../../../C drive/Documents/Github/GameJam3/GameJam3/Content/Characters/VirtualRealityBP/Blueprints/HMDLocomotionPawn.uasset' failed to load '/Game/VirtualReality/Materials/M_ArcEndpoint': Can't find file.
[2019.10.21-06.39.14:261][551]LogAssetEditorManager: Opening Asset editor for Blueprint /Game/Characters/VirtualRealityBP/Blueprints/HMDLocomotionPawn.HMDLocomotionPawn
[2019.10.21-06.40.10:424][436]LogAssetEditorManager: Opening Asset editor for Blueprint /Game/Characters/VirtualRealityBP/Blueprints/BP_MotionController.BP_MotionController
[2019.10.21-06.43.35:460][ 82]LogWorld: UWorld::CleanupWorld for World_8, bSessionEnded=true, bCleanupResources=true
[2019.10.21-06.43.38:463][398]LogAssetEditorManager: Opening Asset editor for Blueprint /Game/Characters/VirtualRealityBP/Blueprints/HMDLocomotionPawn.HMDLocomotionPawn
[2019.10.21-06.43.49:392][366]LogWorld: UWorld::CleanupWorld for World_11, bSessionEnded=true, bCleanupResources=true
[2019.10.21-06.44.07:765][293]LogEditorViewport: Clicking on Actor (LMB): WorldBox_C (WorldBox)
[2019.10.21-06.44.09:630][485]LogEditorViewport: Clicking on Actor (LMB): WorldBox_C (WorldBox)
[2019.10.21-06.44.10:724][609]LogEditorViewport: Clicking on Actor (LMB): WorldBox_C (WorldBox)
[2019.10.21-06.44.12:105][756]LogSlate: FSceneViewport::OnFocusLost() reason 0
[2019.10.21-06.45.40:930][160]LogEditorTransaction: Undo Break Pin Link
[2019.10.21-06.46.11:404][598]BlueprintLog: New page: Compile BP_MotionController
[2019.10.21-06.46.11:444][598]LogBlueprint: Warning: [Compiler BP_MotionController] Could not find a variable named "GripState" in 'BP_MotionController'.
Make sure 'BP_MotionController' has been compiled for  Set GripState
[2019.10.21-06.46.11:444][598]LogBlueprint: Error: [Compiler BP_MotionController] Can't connect pins  Object  and  Return Value : This cast has an invalid target type (was the class deleted without a redirect?).
[2019.10.21-06.46.11:444][598]LogBlueprint: Error: [Compiler BP_MotionController] In use pin  As Right Hand Anim BP  no longer exists on node  Bad cast node . Please refresh node or break links to remove pin.
[2019.10.21-06.46.11:444][598]LogBlueprint: Error: [Compiler BP_MotionController] Can't connect pins  Return Value  and  Object : This cast has an invalid target type (was the class deleted without a redirect?).
[2019.10.21-06.46.11:462][598]LogBlueprint: Error: [Compiler BP_MotionController] The property associated with  Grip State  could not be found in '/Game/Characters/VirtualRealityBP/Blueprints/BP_MotionController.BP_MotionController_C'
[2019.10.21-06.46.11:816][598]LogUObjectHash: Compacting FUObjectHashTables data took   7.16ms
[2019.10.21-06.48.24:829][233]BlueprintLog: New page: Compile BP_MotionController
[2019.10.21-06.48.24:860][233]LogBlueprint: Warning: [Compiler BP_MotionController] Could not find a variable named "GripState" in 'BP_MotionController'.
Make sure 'BP_MotionController' has been compiled for  Set GripState
[2019.10.21-06.48.24:860][233]LogBlueprint: Error: [Compiler BP_MotionController] Can't connect pins  Object  and  Return Value : This cast has an invalid target type (was the class deleted without a redirect?).
[2019.10.21-06.48.24:860][233]LogBlueprint: Error: [Compiler BP_MotionController] In use pin  As Right Hand Anim BP  no longer exists on node  Bad cast node . Please refresh node or break links to remove pin.
[2019.10.21-06.48.24:860][233]LogBlueprint: Error: [Compiler BP_MotionController] Can't connect pins  Return Value  and  Object : This cast has an invalid target type (was the class deleted without a redirect?).
[2019.10.21-06.48.24:879][233]LogBlueprint: Error: [Compiler BP_MotionController] The property associated with  Grip State  could not be found in '/Game/Characters/VirtualRealityBP/Blueprints/BP_MotionController.BP_MotionController_C'
[2019.10.21-06.48.25:160][233]LogUObjectHash: Compacting FUObjectHashTables data took   5.98ms
[2019.10.21-06.48.29:429][699]LogEditorTransaction: Undo Move Node
[2019.10.21-06.48.29:834][726]LogEditorTransaction: Undo Delete current selection
[2019.10.21-06.48.30:302][767]LogEditorTransaction: Undo Delete current selection
[2019.10.21-06.49.29:476][567]LogAssetEditorManager: Opening Asset editor for AnimBlueprint /Game/Characters/VirtualReality/Mannequin/Animations/RightHand_AnimBP.RightHand_AnimBP
[2019.10.21-06.49.29:722][567]LogContentBrowser: Native class hierarchy updated for 'SkeletonEditor' in 0.0003 seconds. Added 1 classes and 2 folders.
[2019.10.21-06.49.30:385][567]LogActorComponent: RegisterComponentWithWorld: (/Engine/Transient.World_14:PersistentLevel.AnimationEditorPreviewActor_0.DebugSkelMeshComponent_0) Already registered. Aborting.
[2019.10.21-06.49.30:413][567]LogContentBrowser: Native class hierarchy updated for 'PinnedCommandList' in 0.0004 seconds. Added 1 classes and 0 folders.
[2019.10.21-06.49.30:886][567]LogSkeletalMesh: USkeletalMeshComponent::InitArticulated : Bodies already created (/Engine/Transient.World_14:PersistentLevel.AnimationEditorPreviewActor_0.DebugSkelMeshComponent_0) - call TermArticulated first.
[2019.10.21-06.49.32:226][567]LogContentBrowser: Verbose: The majority of assets in the view are of type: AnimSequence
[2019.10.21-06.49.38:523][293]LogWorld: UWorld::CleanupWorld for World_14, bSessionEnded=true, bCleanupResources=true
[2019.10.21-06.49.38:530][293]LogWorld: UWorld::CleanupWorld for World_13, bSessionEnded=true, bCleanupResources=true
[2019.10.21-06.49.38:734][293]LogWorld: UWorld::CleanupWorld for World_15, bSessionEnded=true, bCleanupResources=true
[2019.10.21-06.50.30:537][ 71]BlueprintLog: New page: Compile BP_MotionController
[2019.10.21-06.50.30:975][ 71]LogUObjectHash: Compacting FUObjectHashTables data took   8.16ms
[2019.10.21-06.51.00:872][261]BlueprintLog: New page: Compile BP_MotionController
[2019.10.21-06.51.01:250][261]LogUObjectHash: Compacting FUObjectHashTables data took   7.32ms
[2019.10.21-06.52.06:731][923]LogUObjectHash: Compacting FUObjectHashTables data took   7.41ms
[2019.10.21-06.52.07:040][923]LogSavePackage: Moving '../../../../../../C drive/Documents/Github/GameJam3/GameJam3/Saved/VRTest_Auto2AD62E53B4BA4EF4C1BC64E8A562158B0.tmp' to '../../../../../../C drive/Documents/Github/GameJam3/GameJam3/Saved/Autosaves/Game/Levels/VRTest_Auto2.umap'
[2019.10.21-06.52.07:043][923]LogFileHelpers: Editor autosave (incl. sublevels) for '/Game/Levels/VRTest' took 0.370
[2019.10.21-06.52.07:043][923]LogFileHelpers: Editor autosave (incl. sublevels) for all levels took 0.370
[2019.10.21-06.52.07:046][923]OBJ SavePackage: Generating thumbnails for [1] asset(s) in package [/Game/Characters/VirtualRealityBP/Blueprints/BP_MotionController] ([1] browsable assets)...
[2019.10.21-06.52.07:057][923]OBJ SavePackage:     Rendered thumbnail for [Blueprint /Game/Characters/VirtualRealityBP/Blueprints/BP_MotionController.BP_MotionController]
[2019.10.21-06.52.07:057][923]OBJ SavePackage: Finished generating thumbnails for package [/Game/Characters/VirtualRealityBP/Blueprints/BP_MotionController]
[2019.10.21-06.52.07:320][923]LogSavePackage: Moving '../../../../../../C drive/Documents/Github/GameJam3/GameJam3/Saved/BP_MotionController_Auto257101C2144FDC3B3936F269968C8FC26.tmp' to '../../../../../../C drive/Documents/Github/GameJam3/GameJam3/Saved/Autosaves/Game/Characters/VirtualRealityBP/Blueprints/BP_MotionController_Auto2.uasset'
[2019.10.21-06.52.07:321][923]LogFileHelpers: Auto-saving content packages took 0.277
[2019.10.21-06.52.40:100][956]LogAssetEditorManager: Opening Asset editor for Blueprint /Game/Characters/VirtualRealityBP/Blueprints/PickupActorInterface.PickupActorInterface
[2019.10.21-06.52.59:183][101]LogWorld: UWorld::CleanupWorld for World_21, bSessionEnded=true, bCleanupResources=true
[2019.10.21-06.53.39:490][592]LogAssetEditorManager: Opening Asset editor for Blueprint /Game/Characters/VirtualRealityBP/Blueprints/PickupActorInterface.PickupActorInterface
[2019.10.21-06.56.46:045][751]LogSlate: Took 0.010916 seconds to synchronously load lazily loaded font '../../../Engine/Content/Slate/Fonts/Roboto-BoldCondensedItalic.ttf' (160K)
[2019.10.21-06.59.15:144][382]LogLinker: Failed to load '/Game/VirtualRealityBP/Blueprints/PickupActorInterface': Can't find file.
[2019.10.21-06.59.15:144][382]LogLinker: Failed to load '/Game/VirtualRealityBP/Blueprints/PickupActorInterface': Can't find file.
[2019.10.21-06.59.15:144][382]LogProperty: Warning: ObjectProperty /Script/Engine.MemberReference:MemberParent: unresolved reference to 'BlueprintGeneratedClass'"/Game/VirtualRealityBP/Blueprints/PickupActorInterface.PickupActorInterface_C"',MemberName="Pickup",MemberGuid=FEED785F4B6A57E4864E8FA248173692)'
[2019.10.21-07.02.43:162][ 61]BlueprintLog: New page: Compile Ball
[2019.10.21-07.02.43:514][ 61]LogUObjectHash: Compacting FUObjectHashTables data took   7.29ms
[2019.10.21-07.02.47:883][570]LogUObjectHash: Compacting FUObjectHashTables data took   6.81ms
[2019.10.21-07.02.48:224][570]LogSavePackage: Moving '../../../../../../C drive/Documents/Github/GameJam3/GameJam3/Saved/VRTest_Auto34B3E9ED144EB6931C2FCE292491E8122.tmp' to '../../../../../../C drive/Documents/Github/GameJam3/GameJam3/Saved/Autosaves/Game/Levels/VRTest_Auto3.umap'
[2019.10.21-07.02.48:228][570]LogFileHelpers: Editor autosave (incl. sublevels) for '/Game/Levels/VRTest' took 0.393
[2019.10.21-07.02.48:228][570]LogFileHelpers: Editor autosave (incl. sublevels) for all levels took 0.393
[2019.10.21-07.02.48:230][570]OBJ SavePackage: Generating thumbnails for [1] asset(s) in package [/Game/BluePrints/Ball] ([1] browsable assets)...
[2019.10.21-07.02.48:241][570]OBJ SavePackage:     Rendered thumbnail for [Blueprint /Game/BluePrints/Ball.Ball]
[2019.10.21-07.02.48:241][570]OBJ SavePackage: Finished generating thumbnails for package [/Game/BluePrints/Ball]
[2019.10.21-07.02.48:241][570]Cmd: OBJ SAVEPACKAGE PACKAGE="/Game/BluePrints/Ball" FILE="../../../../../../C drive/Documents/Github/GameJam3/GameJam3/Saved/Autosaves/Game/BluePrints/Ball_Auto3.uasset" SILENT=false AUTOSAVING=true
[2019.10.21-07.02.48:293][570]LogSavePackage: Moving '../../../../../../C drive/Documents/Github/GameJam3/GameJam3/Saved/Ball_Auto31DE9332B4303381F5793888AD8128F3B.tmp' to '../../../../../../C drive/Documents/Github/GameJam3/GameJam3/Saved/Autosaves/Game/BluePrints/Ball_Auto3.uasset'
[2019.10.21-07.02.48:294][570]OBJ SavePackage: Generating thumbnails for [0] asset(s) in package [/Game/Characters/VirtualRealityBP/Blueprints/BP_MotionController] ([1] browsable assets)...
[2019.10.21-07.02.48:294][570]OBJ SavePackage: Finished generating thumbnails for package [/Game/Characters/VirtualRealityBP/Blueprints/BP_MotionController]
[2019.10.21-07.02.48:488][570]LogSavePackage: Moving '../../../../../../C drive/Documents/Github/GameJam3/GameJam3/Saved/BP_MotionController_Auto3E1DADF5C40EA26C935796189EADFE995.tmp' to '../../../../../../C drive/Documents/Github/GameJam3/GameJam3/Saved/Autosaves/Game/Characters/VirtualRealityBP/Blueprints/BP_MotionController_Auto3.uasset'
[2019.10.21-07.02.48:489][570]LogFileHelpers: Auto-saving content packages took 0.259
[2019.10.21-07.04.04:567][857]LogAssetEditorManager: Opening Asset editor for Blueprint /Game/Characters/VirtualRealityBP/Blueprints/BP_PickupCube.BP_PickupCube
[2019.10.21-07.04.11:266][600]LogBlueprint: Warning: [Compiler ] Pasted node  CustomEvent   conflicted with  Event Pickup  and was replaced as a Custom Event!
[2019.10.21-07.07.38:735][859]LogAssetEditorManager: Opening Asset editor for Blueprint /Game/Characters/VirtualRealityBP/Blueprints/PickupActorInterface_Child.PickupActorInterface_Child
[2019.10.21-07.07.40:871][ 66]LogWorld: UWorld::CleanupWorld for World_24, bSessionEnded=true, bCleanupResources=true
[2019.10.21-07.07.43:764][344]LogUObjectHash: Compacting FUObjectHashTables data took   6.87ms
[2019.10.21-07.07.45:094][344]LogSlate: Window 'Delete Assets' being destroyed
[2019.10.21-07.07.45:193][344]LogUObjectHash: Compacting FUObjectHashTables data took   4.07ms
[2019.10.21-07.10.03:099][177]LogWorld: UWorld::CleanupWorld for World_23, bSessionEnded=true, bCleanupResources=true
[2019.10.21-07.10.03:557][223]LogWorld: UWorld::CleanupWorld for World_22, bSessionEnded=true, bCleanupResources=true
[2019.10.21-07.10.07:542][688]LogSlate: Prevented a slow task dialog from being summoned while a context menu was open
[2019.10.21-07.10.19:912][156]BlueprintLog: New page: Compile Ball
[2019.10.21-07.10.20:257][156]LogUObjectHash: Compacting FUObjectHashTables data took   8.10ms
[2019.10.21-07.12.11:026][844]BlueprintLog: New page: Compile Ball
[2019.10.21-07.12.11:373][844]LogUObjectHash: Compacting FUObjectHashTables data took   8.64ms
[2019.10.21-07.12.27:446][663]LogUObjectHash: Compacting FUObjectHashTables data took   6.25ms
[2019.10.21-07.12.27:589][663]Cmd: OBJ SAVEPACKAGE PACKAGE="/Game/Levels/VRTest" FILE="../../../../../../C drive/Documents/Github/GameJam3/GameJam3/Content/Levels/VRTest.umap" SILENT=true AUTOSAVING=false KEEPDIRTY=false
[2019.10.21-07.12.27:633][663]LogUObjectHash: Compacting FUObjectHashTables data took   1.26ms
[2019.10.21-07.12.27:949][663]LogSavePackage: Moving '../../../../../../C drive/Documents/Github/GameJam3/GameJam3/Saved/VRTest4598241947FF0763A32807ACA5C04A3F.tmp' to '../../../../../../C drive/Documents/Github/GameJam3/GameJam3/Content/Levels/VRTest.umap'
[2019.10.21-07.12.27:993][663]LogFileHelpers: Saving map 'VRTest' took 0.404
[2019.10.21-07.12.27:998][663]Cmd: OBJ SAVEPACKAGE PACKAGE="/Game/Levels/Box3" FILE="../../../../../../C drive/Documents/Github/GameJam3/GameJam3/Content/Levels/Box3.umap" SILENT=true AUTOSAVING=false KEEPDIRTY=false
[2019.10.21-07.12.28:074][663]LogUObjectHash: Compacting FUObjectHashTables data took   6.59ms
[2019.10.21-07.12.28:386][663]LogSavePackage: Moving '../../../../../../C drive/Documents/Github/GameJam3/GameJam3/Saved/Box3F5E1FCA9444A2F38BECF9E9C3B744709.tmp' to '../../../../../../C drive/Documents/Github/GameJam3/GameJam3/Content/Levels/Box3.umap'
[2019.10.21-07.12.28:398][663]LogFileHelpers: Saving map 'Box3' took 0.400
[2019.10.21-07.12.28:422][663]Cmd: OBJ SAVEPACKAGE PACKAGE="/Game/BluePrints/Ball" FILE="../../../../../../C drive/Documents/Github/GameJam3/GameJam3/Content/BluePrints/Ball.uasset" SILENT=true
[2019.10.21-07.12.28:506][663]LogSavePackage: Moving '../../../../../../C drive/Documents/Github/GameJam3/GameJam3/Saved/Ball77309FCC4D38BAC6CE0D5C8B0D1BBACF.tmp' to '../../../../../../C drive/Documents/Github/GameJam3/GameJam3/Content/BluePrints/Ball.uasset'
[2019.10.21-07.12.28:694][663]LogSavePackage: Moving '../../../../../../C drive/Documents/Github/GameJam3/GameJam3/Saved/BP_MotionController6B6A780F4339FED3BBB7E6BFE15EE163.tmp' to '../../../../../../C drive/Documents/Github/GameJam3/GameJam3/Content/Characters/VirtualRealityBP/Blueprints/BP_MotionController.uasset'
[2019.10.21-07.12.28:731][663]LogSavePackage: Moving '../../../../../../C drive/Documents/Github/GameJam3/GameJam3/Saved/BP_PickupCube904D12F341C3014F9802699549E1F1C2.tmp' to '../../../../../../C drive/Documents/Github/GameJam3/GameJam3/Content/Characters/VirtualRealityBP/Blueprints/BP_PickupCube.uasset'
